[ 2011-10-05T10:23:42+08:00 ] SQL: SHOW COLUMNS FROM `think_form` [ RunTime:0.007401s ]
[ 2011-10-05T10:23:42+08:00 ] SQL: SELECT * FROM `think_form` ORDER BY id desc LIMIT 5  [ RunTime:0.000694s ]
[ 2011-10-05T10:24:41+08:00 ] SQL: SHOW COLUMNS FROM `think_form` [ RunTime:0.008691s ]
[ 2011-10-05T10:24:41+08:00 ] SQL: SELECT * FROM `think_form` ORDER BY id desc LIMIT 5  [ RunTime:0.000756s ]
[ 2011-10-05T10:26:59+08:00 ] SQL: SHOW COLUMNS FROM `think_form` [ RunTime:0.016945s ]
[ 2011-10-05T10:27:16+08:00 ] SQL: SHOW COLUMNS FROM `think_form` [ RunTime:0.010623s ]
[ 2011-10-05T10:27:16+08:00 ] SQL: SELECT * FROM `think_form` WHERE ( `title` = '11' ) LIMIT 1  [ RunTime:0.001111s ]
[ 2011-10-05T10:27:22+08:00 ] SQL: SHOW COLUMNS FROM `think_form` [ RunTime:0.008266s ]
[ 2011-10-05T10:27:22+08:00 ] SQL: SELECT * FROM `think_form` WHERE ( `title` = 'ceshi' ) LIMIT 1  [ RunTime:0.000832s ]
[ 2011-10-05T10:27:22+08:00 ] NOTIC: [8] Undefined offset: 3 Model.class.php 第 864 行.
[ 2011-10-05T10:27:22+08:00 ] SQL: INSERT INTO `think_form` (`title`,`content`,`email`,`status`,`create_time`) VALUES ('ceshi','1','luwentaona@live.cn','1',1317781642) [ RunTime:0.019431s ]
[ 2011-10-05T10:27:22+08:00 ] SQL: SHOW COLUMNS FROM `think_form` [ RunTime:0.008033s ]
[ 2011-10-05T10:27:22+08:00 ] SQL: SELECT * FROM `think_form` ORDER BY id desc LIMIT 5  [ RunTime:0.003788s ]
[ 2011-10-05T10:27:26+08:00 ] SQL: SHOW COLUMNS FROM `think_form` [ RunTime:0.007604s ]
[ 2011-10-05T10:27:26+08:00 ] SQL: SELECT * FROM `think_form` WHERE ( `id` = '2' ) LIMIT 1  [ RunTime:0.000710s ]
[ 2011-10-05T10:37:53+08:00 ] SQL: SHOW COLUMNS FROM `think_form` [ RunTime:0.010308s ]
[ 2011-10-05T10:37:53+08:00 ] SQL: SELECT * FROM `think_form` ORDER BY id desc LIMIT 5  [ RunTime:0.001106s ]
[ 2011-10-05T10:38:15+08:00 ] SQL: SHOW COLUMNS FROM `think_form` [ RunTime:0.021924s ]
[ 2011-10-05T10:38:15+08:00 ] SQL: SELECT * FROM `think_form` ORDER BY id desc LIMIT 5  [ RunTime:0.000708s ]
[ 2011-10-05T10:38:29+08:00 ] SQL: SHOW COLUMNS FROM `think_form` [ RunTime:0.033227s ]
[ 2011-10-05T10:38:29+08:00 ] SQL: SELECT * FROM `think_form` ORDER BY id desc LIMIT 5  [ RunTime:0.001454s ]
[ 2011-10-05T10:38:33+08:00 ] SQL: SHOW COLUMNS FROM `think_form` [ RunTime:0.009677s ]
[ 2011-10-05T10:38:33+08:00 ] SQL: SELECT * FROM `think_form` ORDER BY id desc LIMIT 5  [ RunTime:0.000983s ]
[ 2011-10-05T10:38:49+08:00 ] SQL: SHOW COLUMNS FROM `think_form` [ RunTime:0.006902s ]
[ 2011-10-05T10:38:49+08:00 ] SQL: SELECT * FROM `think_form` ORDER BY id desc LIMIT 5  [ RunTime:0.000771s ]
[ 2011-10-05T10:38:53+08:00 ] SQL: SHOW COLUMNS FROM `think_form` [ RunTime:0.024760s ]
[ 2011-10-05T10:38:53+08:00 ] SQL: SELECT * FROM `think_form` ORDER BY id desc LIMIT 5  [ RunTime:0.006892s ]
[ 2011-10-05T10:38:55+08:00 ] SQL: SHOW COLUMNS FROM `think_form` [ RunTime:0.016005s ]
[ 2011-10-05T10:38:55+08:00 ] SQL: SELECT * FROM `think_form` WHERE ( `id` = '5' ) LIMIT 1  [ RunTime:0.001508s ]
[ 2011-10-05T10:39:00+08:00 ] SQL: SHOW COLUMNS FROM `think_form` [ RunTime:0.006537s ]
[ 2011-10-05T10:39:00+08:00 ] SQL: SELECT * FROM `think_form` ORDER BY id desc LIMIT 5  [ RunTime:0.000873s ]
[ 2011-10-05T10:41:05+08:00 ] SQL: SHOW COLUMNS FROM `think_form` [ RunTime:0.020346s ]
[ 2011-10-05T10:41:05+08:00 ] SQL: SELECT * FROM `think_form` ORDER BY id desc LIMIT 5  [ RunTime:0.000960s ]
[ 2011-10-05T10:41:05+08:00 ] NOTIC: [8] Undefined variable: vo 0573c70d8602d961e53f714ea77bd87c.php 第 42 行.
[ 2011-10-05T10:41:05+08:00 ] NOTIC: [8] Undefined variable: key 0573c70d8602d961e53f714ea77bd87c.php 第 42 行.
[ 2011-10-05T10:41:05+08:00 ] NOTIC: [8] Undefined variable: vo 0573c70d8602d961e53f714ea77bd87c.php 第 42 行.
[ 2011-10-05T10:41:05+08:00 ] NOTIC: [8] Undefined variable: vo 0573c70d8602d961e53f714ea77bd87c.php 第 42 行.
[ 2011-10-05T10:41:05+08:00 ] NOTIC: [8] Undefined variable: vo 0573c70d8602d961e53f714ea77bd87c.php 第 42 行.
[ 2011-10-05T10:41:05+08:00 ] NOTIC: [8] Undefined variable: vo 0573c70d8602d961e53f714ea77bd87c.php 第 42 行.
[ 2011-10-05T10:41:05+08:00 ] NOTIC: [8] Undefined variable: vo 0573c70d8602d961e53f714ea77bd87c.php 第 42 行.
[ 2011-10-05T10:41:05+08:00 ] NOTIC: [8] Undefined variable: vo 0573c70d8602d961e53f714ea77bd87c.php 第 43 行.
[ 2011-10-05T10:41:06+08:00 ] SQL: SHOW COLUMNS FROM `think_form` [ RunTime:0.010404s ]
[ 2011-10-05T10:41:06+08:00 ] SQL: SELECT * FROM `think_form` ORDER BY id desc LIMIT 5  [ RunTime:0.001910s ]
[ 2011-10-05T10:41:06+08:00 ] NOTIC: [8] Undefined variable: vo 0573c70d8602d961e53f714ea77bd87c.php 第 42 行.
[ 2011-10-05T10:41:06+08:00 ] NOTIC: [8] Undefined variable: key 0573c70d8602d961e53f714ea77bd87c.php 第 42 行.
[ 2011-10-05T10:41:06+08:00 ] NOTIC: [8] Undefined variable: vo 0573c70d8602d961e53f714ea77bd87c.php 第 42 行.
[ 2011-10-05T10:41:06+08:00 ] NOTIC: [8] Undefined variable: vo 0573c70d8602d961e53f714ea77bd87c.php 第 42 行.
[ 2011-10-05T10:41:06+08:00 ] NOTIC: [8] Undefined variable: vo 0573c70d8602d961e53f714ea77bd87c.php 第 42 行.
[ 2011-10-05T10:41:06+08:00 ] NOTIC: [8] Undefined variable: vo 0573c70d8602d961e53f714ea77bd87c.php 第 42 行.
[ 2011-10-05T10:41:06+08:00 ] NOTIC: [8] Undefined variable: vo 0573c70d8602d961e53f714ea77bd87c.php 第 42 行.
[ 2011-10-05T10:41:06+08:00 ] NOTIC: [8] Undefined variable: vo 0573c70d8602d961e53f714ea77bd87c.php 第 43 行.
[ 2011-10-05T11:04:12+08:00 ] SQL: SHOW COLUMNS FROM `think_form` [ RunTime:0.010498s ]
[ 2011-10-05T11:04:12+08:00 ] SQL: SELECT * FROM `think_form` WHERE ( `title` = 'aa' ) LIMIT 1  [ RunTime:0.001669s ]
[ 2011-10-05T11:04:12+08:00 ] NOTIC: [8] Undefined offset: 3 Model.class.php 第 864 行.
[ 2011-10-05T11:04:12+08:00 ] SQL: INSERT INTO `think_form` (`title`,`content`,`email`,`status`,`create_time`) VALUES ('aa','fgfsdg','luwentaona@live.cn','1',1317783852) [ RunTime:0.001381s ]
[ 2011-10-05T11:04:13+08:00 ] SQL: SHOW COLUMNS FROM `think_form` [ RunTime:0.006150s ]
[ 2011-10-05T11:04:13+08:00 ] SQL: SELECT * FROM `think_form` ORDER BY id desc LIMIT 5  [ RunTime:0.002798s ]
[ 2011-10-05T11:40:11+08:00 ] SQL: SHOW COLUMNS FROM `think_index` [ RunTime:0.008918s ]
[ 2011-10-05T11:40:11+08:00 ] SQL: SELECT * FROM `think_index` ORDER BY id desc LIMIT 5  [ RunTime:0.001846s ]
[ 2011-10-05T11:40:20+08:00 ] SQL: SHOW COLUMNS FROM `think_index` [ RunTime:0.016164s ]
[ 2011-10-05T11:40:20+08:00 ] SQL: SELECT * FROM `think_index` ORDER BY id desc LIMIT 5  [ RunTime:0.003632s ]
[ 2011-10-05T11:40:43+08:00 ] SQL: SHOW COLUMNS FROM `think_index` [ RunTime:0.007993s ]
[ 2011-10-05T11:40:43+08:00 ] SQL: SELECT * FROM `think_index` ORDER BY id desc LIMIT 5  [ RunTime:0.002695s ]
[ 2011-10-05T11:40:45+08:00 ] SQL: SHOW COLUMNS FROM `think_index` [ RunTime:0.008440s ]
[ 2011-10-05T11:40:45+08:00 ] SQL: SELECT * FROM `think_index` ORDER BY id desc LIMIT 5  [ RunTime:0.001732s ]
[ 2011-10-05T11:40:48+08:00 ] SQL: SHOW COLUMNS FROM `think_index` [ RunTime:0.007417s ]
[ 2011-10-05T11:40:48+08:00 ] SQL: SELECT * FROM `think_index` ORDER BY id desc LIMIT 5  [ RunTime:0.002641s ]
[ 2011-10-05T11:41:13+08:00 ] SQL: SHOW COLUMNS FROM `think_form` [ RunTime:0.007827s ]
[ 2011-10-05T11:41:13+08:00 ] SQL: SELECT * FROM `think_form` ORDER BY id desc LIMIT 5  [ RunTime:0.003589s ]
[ 2011-10-05T11:41:49+08:00 ] SQL: SHOW COLUMNS FROM `think_index` [ RunTime:0.006317s ]
[ 2011-10-05T11:41:49+08:00 ] SQL: SELECT * FROM `think_index` ORDER BY id desc LIMIT 5  [ RunTime:0.004767s ]
[ 2011-10-05T11:41:49+08:00 ] NOTIC: [2] highlight_file(C:\Program Files\wamp\www\ThinkPHPexample\Examples\CURD\Lib\Model\FormModel.class.php) [<a href='function.highlight-file'>function.highlight-file</a>]: failed to open stream: No such file or directory 0573c70d8602d961e53f714ea77bd87c.php 第 47 行.
[ 2011-10-05T11:41:49+08:00 ] NOTIC: [2] highlight_file() [<a href='function.highlight-file'>function.highlight-file</a>]: Failed opening './Lib/Model/FormModel.class.php' for highlighting 0573c70d8602d961e53f714ea77bd87c.php 第 47 行.
[ 2011-10-05T11:41:50+08:00 ] SQL: SHOW COLUMNS FROM `think_index` [ RunTime:0.009777s ]
[ 2011-10-05T11:41:50+08:00 ] SQL: SELECT * FROM `think_index` ORDER BY id desc LIMIT 5  [ RunTime:0.002337s ]
[ 2011-10-05T11:41:50+08:00 ] NOTIC: [2] highlight_file(C:\Program Files\wamp\www\ThinkPHPexample\Examples\CURD\Lib\Model\FormModel.class.php) [<a href='function.highlight-file'>function.highlight-file</a>]: failed to open stream: No such file or directory 0573c70d8602d961e53f714ea77bd87c.php 第 47 行.
[ 2011-10-05T11:41:50+08:00 ] NOTIC: [2] highlight_file() [<a href='function.highlight-file'>function.highlight-file</a>]: Failed opening './Lib/Model/FormModel.class.php' for highlighting 0573c70d8602d961e53f714ea77bd87c.php 第 47 行.
[ 2011-10-05T11:42:01+08:00 ] SQL: SHOW COLUMNS FROM `think_index` [ RunTime:0.014736s ]
[ 2011-10-05T11:42:18+08:00 ] SQL: SHOW COLUMNS FROM `think_index` [ RunTime:0.006007s ]
[ 2011-10-05T11:42:53+08:00 ] SQL: SHOW COLUMNS FROM `think_form` [ RunTime:0.017188s ]
[ 2011-10-05T11:42:53+08:00 ] SQL: SELECT * FROM `think_form` ORDER BY id desc LIMIT 5  [ RunTime:0.001777s ]
[ 2011-10-05T11:42:53+08:00 ] NOTIC: [2] highlight_file(./Lib/Model/FormModel.class.php) [<a href='function.highlight-file'>function.highlight-file</a>]: failed to open stream: No such file or directory 0573c70d8602d961e53f714ea77bd87c.php 第 47 行.
[ 2011-10-05T11:42:53+08:00 ] NOTIC: [2] highlight_file() [<a href='function.highlight-file'>function.highlight-file</a>]: Failed opening './Lib/Model/FormModel.class.php' for highlighting 0573c70d8602d961e53f714ea77bd87c.php 第 47 行.
[ 2011-10-05T11:42:54+08:00 ] SQL: SHOW COLUMNS FROM `think_form` [ RunTime:0.006431s ]
[ 2011-10-05T11:42:54+08:00 ] SQL: SELECT * FROM `think_form` ORDER BY id desc LIMIT 5  [ RunTime:0.001080s ]
[ 2011-10-05T11:42:54+08:00 ] NOTIC: [2] highlight_file(./Lib/Model/FormModel.class.php) [<a href='function.highlight-file'>function.highlight-file</a>]: failed to open stream: No such file or directory 0573c70d8602d961e53f714ea77bd87c.php 第 47 行.
[ 2011-10-05T11:42:54+08:00 ] NOTIC: [2] highlight_file() [<a href='function.highlight-file'>function.highlight-file</a>]: Failed opening './Lib/Model/FormModel.class.php' for highlighting 0573c70d8602d961e53f714ea77bd87c.php 第 47 行.
[ 2011-10-05T11:43:03+08:00 ] SQL: SHOW COLUMNS FROM `think_form` [ RunTime:0.008370s ]
[ 2011-10-05T11:43:03+08:00 ] SQL: INSERT INTO `think_form` (`title`,`content`,`email`) VALUES ('222','222','111') [ RunTime:0.001159s ]
[ 2011-10-05T11:43:03+08:00 ] SQL: SHOW COLUMNS FROM `think_form` [ RunTime:0.008572s ]
[ 2011-10-05T11:43:03+08:00 ] SQL: SELECT * FROM `think_form` ORDER BY id desc LIMIT 5  [ RunTime:0.001001s ]
[ 2011-10-05T11:43:03+08:00 ] NOTIC: [2] highlight_file(./Lib/Model/FormModel.class.php) [<a href='function.highlight-file'>function.highlight-file</a>]: failed to open stream: No such file or directory 0573c70d8602d961e53f714ea77bd87c.php 第 47 行.
[ 2011-10-05T11:43:03+08:00 ] NOTIC: [2] highlight_file() [<a href='function.highlight-file'>function.highlight-file</a>]: Failed opening './Lib/Model/FormModel.class.php' for highlighting 0573c70d8602d961e53f714ea77bd87c.php 第 47 行.
[ 2011-10-05T11:43:38+08:00 ] SQL: SHOW COLUMNS FROM `think_form` [ RunTime:0.008247s ]
[ 2011-10-05T11:43:38+08:00 ] SQL: SELECT * FROM `think_form` ORDER BY id desc LIMIT 5  [ RunTime:0.001215s ]
[ 2011-10-05T11:43:38+08:00 ] NOTIC: [2] highlight_file(./Lib/Model/FormModel.class.php) [<a href='function.highlight-file'>function.highlight-file</a>]: failed to open stream: No such file or directory 0573c70d8602d961e53f714ea77bd87c.php 第 47 行.
[ 2011-10-05T11:43:38+08:00 ] NOTIC: [2] highlight_file() [<a href='function.highlight-file'>function.highlight-file</a>]: Failed opening './Lib/Model/FormModel.class.php' for highlighting 0573c70d8602d961e53f714ea77bd87c.php 第 47 行.
[ 2011-10-05T11:43:46+08:00 ] SQL: SHOW COLUMNS FROM `think_form` [ RunTime:0.020206s ]
[ 2011-10-05T11:43:46+08:00 ] SQL: INSERT INTO `think_form` (`title`,`content`,`email`) VALUES ('ddddd','dddddddd','ddddddd') [ RunTime:0.000681s ]
[ 2011-10-05T11:43:46+08:00 ] SQL: SHOW COLUMNS FROM `think_form` [ RunTime:0.006836s ]
[ 2011-10-05T11:43:46+08:00 ] SQL: SELECT * FROM `think_form` ORDER BY id desc LIMIT 5  [ RunTime:0.001329s ]
[ 2011-10-05T11:43:46+08:00 ] NOTIC: [2] highlight_file(./Lib/Model/FormModel.class.php) [<a href='function.highlight-file'>function.highlight-file</a>]: failed to open stream: No such file or directory 0573c70d8602d961e53f714ea77bd87c.php 第 47 行.
[ 2011-10-05T11:43:46+08:00 ] NOTIC: [2] highlight_file() [<a href='function.highlight-file'>function.highlight-file</a>]: Failed opening './Lib/Model/FormModel.class.php' for highlighting 0573c70d8602d961e53f714ea77bd87c.php 第 47 行.
[ 2011-10-05T11:44:23+08:00 ] SQL: SHOW COLUMNS FROM `think_form` [ RunTime:0.010668s ]
[ 2011-10-05T11:44:23+08:00 ] SQL: SELECT * FROM `think_form` ORDER BY id desc LIMIT 5  [ RunTime:0.001089s ]
[ 2011-10-05T11:44:23+08:00 ] NOTIC: [2] highlight_file(./Lib/Model/FormModel.class.php) [<a href='function.highlight-file'>function.highlight-file</a>]: failed to open stream: No such file or directory 0573c70d8602d961e53f714ea77bd87c.php 第 47 行.
[ 2011-10-05T11:44:23+08:00 ] NOTIC: [2] highlight_file() [<a href='function.highlight-file'>function.highlight-file</a>]: Failed opening './Lib/Model/FormModel.class.php' for highlighting 0573c70d8602d961e53f714ea77bd87c.php 第 47 行.
[ 2011-10-05T11:44:25+08:00 ] SQL: SHOW COLUMNS FROM `think_form` [ RunTime:0.006572s ]
[ 2011-10-05T11:44:25+08:00 ] SQL: SELECT * FROM `think_form` ORDER BY id desc LIMIT 5  [ RunTime:0.000902s ]
[ 2011-10-05T11:44:25+08:00 ] NOTIC: [2] highlight_file(./Lib/Model/FormModel.class.php) [<a href='function.highlight-file'>function.highlight-file</a>]: failed to open stream: No such file or directory 0573c70d8602d961e53f714ea77bd87c.php 第 47 行.
[ 2011-10-05T11:44:25+08:00 ] NOTIC: [2] highlight_file() [<a href='function.highlight-file'>function.highlight-file</a>]: Failed opening './Lib/Model/FormModel.class.php' for highlighting 0573c70d8602d961e53f714ea77bd87c.php 第 47 行.
[ 2011-10-05T11:44:32+08:00 ] SQL: SHOW COLUMNS FROM `think_form` [ RunTime:0.006901s ]
[ 2011-10-05T11:44:32+08:00 ] SQL: INSERT INTO `think_form` (`title`,`content`,`email`) VALUES ('222','222','222') [ RunTime:0.001996s ]
[ 2011-10-05T11:44:32+08:00 ] SQL: SHOW COLUMNS FROM `think_form` [ RunTime:0.006455s ]
[ 2011-10-05T11:44:32+08:00 ] SQL: SELECT * FROM `think_form` ORDER BY id desc LIMIT 5  [ RunTime:0.000970s ]
[ 2011-10-05T11:44:32+08:00 ] NOTIC: [2] highlight_file(./Lib/Model/FormModel.class.php) [<a href='function.highlight-file'>function.highlight-file</a>]: failed to open stream: No such file or directory 0573c70d8602d961e53f714ea77bd87c.php 第 47 行.
[ 2011-10-05T11:44:32+08:00 ] NOTIC: [2] highlight_file() [<a href='function.highlight-file'>function.highlight-file</a>]: Failed opening './Lib/Model/FormModel.class.php' for highlighting 0573c70d8602d961e53f714ea77bd87c.php 第 47 行.
[ 2011-10-05T11:45:03+08:00 ] SQL: SHOW COLUMNS FROM `think_form` [ RunTime:0.006944s ]
[ 2011-10-05T11:45:03+08:00 ] SQL: INSERT INTO `think_form` (`title`,`content`,`email`) VALUES ('222','222','222') [ RunTime:0.011606s ]
[ 2011-10-05T11:45:03+08:00 ] SQL: SHOW COLUMNS FROM `think_form` [ RunTime:0.006464s ]
[ 2011-10-05T11:45:03+08:00 ] SQL: SELECT * FROM `think_form` ORDER BY id desc LIMIT 5  [ RunTime:0.001380s ]
[ 2011-10-05T11:45:03+08:00 ] NOTIC: [2] highlight_file(./Lib/Model/FormModel.class.php) [<a href='function.highlight-file'>function.highlight-file</a>]: failed to open stream: No such file or directory 0573c70d8602d961e53f714ea77bd87c.php 第 47 行.
[ 2011-10-05T11:45:03+08:00 ] NOTIC: [2] highlight_file() [<a href='function.highlight-file'>function.highlight-file</a>]: Failed opening './Lib/Model/FormModel.class.php' for highlighting 0573c70d8602d961e53f714ea77bd87c.php 第 47 行.
[ 2011-10-05T11:45:47+08:00 ] SQL: SHOW COLUMNS FROM `think_form` [ RunTime:0.008565s ]
[ 2011-10-05T11:45:47+08:00 ] SQL: SELECT * FROM `think_form` ORDER BY id desc LIMIT 5  [ RunTime:0.001521s ]
[ 2011-10-05T11:45:47+08:00 ] NOTIC: [2] highlight_file(./Lib/Model/FormModel.class.php) [<a href='function.highlight-file'>function.highlight-file</a>]: failed to open stream: No such file or directory 0573c70d8602d961e53f714ea77bd87c.php 第 47 行.
[ 2011-10-05T11:45:47+08:00 ] NOTIC: [2] highlight_file() [<a href='function.highlight-file'>function.highlight-file</a>]: Failed opening './Lib/Model/FormModel.class.php' for highlighting 0573c70d8602d961e53f714ea77bd87c.php 第 47 行.
[ 2011-10-05T11:45:50+08:00 ] SQL: SHOW COLUMNS FROM `think_form` [ RunTime:0.006540s ]
[ 2011-10-05T11:45:50+08:00 ] SQL: INSERT INTO `think_form` (`title`,`content`,`email`) VALUES ('','','') [ RunTime:0.001398s ]
[ 2011-10-05T11:45:50+08:00 ] SQL: SHOW COLUMNS FROM `think_form` [ RunTime:0.022239s ]
[ 2011-10-05T11:45:50+08:00 ] SQL: SELECT * FROM `think_form` ORDER BY id desc LIMIT 5  [ RunTime:0.001236s ]
[ 2011-10-05T11:45:50+08:00 ] NOTIC: [2] highlight_file(./Lib/Model/FormModel.class.php) [<a href='function.highlight-file'>function.highlight-file</a>]: failed to open stream: No such file or directory 0573c70d8602d961e53f714ea77bd87c.php 第 47 行.
[ 2011-10-05T11:45:50+08:00 ] NOTIC: [2] highlight_file() [<a href='function.highlight-file'>function.highlight-file</a>]: Failed opening './Lib/Model/FormModel.class.php' for highlighting 0573c70d8602d961e53f714ea77bd87c.php 第 47 行.
