[ 2011-11-11T11:00:01+08:00 ] NOTIC: [8] Undefined variable: list 0573c70d8602d961e53f714ea77bd87c.php 第 31 行.
[ 2011-11-11T11:00:01+08:00 ] NOTIC: [8] Undefined variable: page 0573c70d8602d961e53f714ea77bd87c.php 第 40 行.
[ 2011-11-11T11:00:25+08:00 ] SQL: SHOW COLUMNS FROM `wt_user` [ RunTime:0.078014s ]
[ 2011-11-11T11:00:25+08:00 ] SQL: INSERT INTO `wt_user` (`user_name`,`email`,`password`) VALUES ('lben','luwentaona@live.cn','c8837b23ff8aaa8a2dde915473ce0991') [ RunTime:0.047045s ]
[ 2011-11-11T11:02:03+08:00 ] NOTIC: [8] Undefined variable: list 0573c70d8602d961e53f714ea77bd87c.php 第 31 行.
[ 2011-11-11T11:02:03+08:00 ] NOTIC: [8] Undefined variable: page 0573c70d8602d961e53f714ea77bd87c.php 第 40 行.
[ 2011-11-11T11:02:09+08:00 ] SQL: SHOW COLUMNS FROM `wt_book` [ RunTime:0.074010s ]
[ 2011-11-11T11:02:09+08:00 ] SQL: SELECT * FROM `wt_book` WHERE ( `book_id` = 0 ) LIMIT 1  [ RunTime:0.039006s ]
[ 2011-11-11T11:02:09+08:00 ] SQL: SHOW COLUMNS FROM `wt_leave_message_book` [ RunTime:0.025209s ]
[ 2011-11-11T11:02:09+08:00 ] SQL: SELECT * FROM `wt_leave_message_book` WHERE ( `book_id` = 0 ) [ RunTime:0.000714s ]
[ 2011-11-11T11:03:21+08:00 ] ERR: (ThinkException) 非法操作index
[ 2011-11-11T11:04:38+08:00 ] SQL: SHOW COLUMNS FROM `wt_book` [ RunTime:0.006560s ]
[ 2011-11-11T11:04:38+08:00 ] SQL: SELECT * FROM `wt_book` WHERE ( `book_id` = 0 ) LIMIT 1  [ RunTime:0.000792s ]
[ 2011-11-11T11:04:38+08:00 ] SQL: SHOW COLUMNS FROM `wt_leave_message_book` [ RunTime:0.005892s ]
[ 2011-11-11T11:04:38+08:00 ] SQL: SELECT * FROM `wt_leave_message_book` WHERE ( `book_id` = 0 ) [ RunTime:0.000973s ]
[ 2011-11-11T11:04:42+08:00 ] SQL: SHOW COLUMNS FROM `wt_book` [ RunTime:0.007767s ]
[ 2011-11-11T11:04:42+08:00 ] SQL: SELECT * FROM `wt_book` WHERE ( `book_id` = 0 ) LIMIT 1  [ RunTime:0.000905s ]
[ 2011-11-11T11:04:42+08:00 ] SQL: SHOW COLUMNS FROM `wt_leave_message_book` [ RunTime:0.005910s ]
[ 2011-11-11T11:04:42+08:00 ] SQL: SELECT * FROM `wt_leave_message_book` WHERE ( `book_id` = 0 ) [ RunTime:0.002139s ]
[ 2011-11-11T11:05:19+08:00 ] NOTIC: [2] Missing argument 1 for ProductAction::show() ProductAction.class.php 第 73 行.
[ 2011-11-11T11:05:19+08:00 ] SQL: SHOW COLUMNS FROM `wt_leave_message_book` [ RunTime:0.007035s ]
[ 2011-11-11T11:05:19+08:00 ] NOTIC: [8] Undefined variable: product ProductAction.class.php 第 77 行.
[ 2011-11-11T11:05:19+08:00 ] SQL: SELECT * FROM `wt_leave_message_book` [ RunTime:0.000674s ]
[ 2011-11-11T11:05:40+08:00 ] SQL: SHOW COLUMNS FROM `wt_book` [ RunTime:0.009520s ]
[ 2011-11-11T11:05:40+08:00 ] SQL: SELECT COUNT(*) AS tp_count FROM `wt_book` LIMIT 1  [ RunTime:0.035920s ]
[ 2011-11-11T11:05:40+08:00 ] SQL: SELECT * FROM `wt_book` ORDER BY book_id ASC LIMIT 0,1  [ RunTime:0.014352s ]
[ 2011-11-11T11:05:44+08:00 ] SQL: SHOW COLUMNS FROM `wt_book` [ RunTime:0.010746s ]
[ 2011-11-11T11:05:44+08:00 ] SQL: SELECT COUNT(*) AS tp_count FROM `wt_book` LIMIT 1  [ RunTime:0.000717s ]
[ 2011-11-11T11:05:44+08:00 ] SQL: SELECT * FROM `wt_book` ORDER BY book_id ASC LIMIT 1,1  [ RunTime:0.000833s ]
[ 2011-11-11T11:05:47+08:00 ] SQL: SHOW COLUMNS FROM `wt_book` [ RunTime:0.013646s ]
[ 2011-11-11T11:05:47+08:00 ] SQL: SELECT COUNT(*) AS tp_count FROM `wt_book` LIMIT 1  [ RunTime:0.001360s ]
[ 2011-11-11T11:05:47+08:00 ] SQL: SELECT * FROM `wt_book` ORDER BY book_id ASC LIMIT 2,1  [ RunTime:0.000891s ]
[ 2011-11-11T11:05:54+08:00 ] SQL: SHOW COLUMNS FROM `wt_book` [ RunTime:0.012686s ]
[ 2011-11-11T11:05:54+08:00 ] SQL: SELECT * FROM `wt_book` WHERE ( `book_id` = '3' ) LIMIT 1  [ RunTime:0.013028s ]
[ 2011-11-11T11:05:54+08:00 ] SQL: SHOW COLUMNS FROM `wt_leave_message_book` [ RunTime:0.007391s ]
[ 2011-11-11T11:05:54+08:00 ] SQL: SELECT * FROM `wt_leave_message_book` WHERE ( `book_id` = '3' ) [ RunTime:0.000471s ]
[ 2011-11-11T11:10:24+08:00 ] SQL: SHOW COLUMNS FROM `wt_leave_message_book` [ RunTime:0.005573s ]
[ 2011-11-11T11:10:24+08:00 ] SQL: INSERT INTO `wt_leave_message_book` (`user_id`,`book_id`,`message`) VALUES ('1','1','提交一条评论') [ RunTime:0.136960s ]
[ 2011-11-11T11:22:49+08:00 ] SQL: SHOW COLUMNS FROM `wt_leave_message_book` [ RunTime:0.008678s ]
[ 2011-11-11T11:22:49+08:00 ] SQL: SELECT * FROM `wt_leave_message_book` WHERE ( `book_id` = '3' ) [ RunTime:0.003232s ]
[ 2011-11-11T11:23:06+08:00 ] SQL: SHOW COLUMNS FROM `wt_leave_message_book` [ RunTime:0.008328s ]
[ 2011-11-11T11:23:06+08:00 ] SQL: SELECT * FROM `wt_leave_message_book` WHERE ( `book_id` = '3' ) [ RunTime:0.000970s ]
[ 2011-11-11T11:23:23+08:00 ] SQL: SHOW COLUMNS FROM `wt_leave_message_book` [ RunTime:0.037469s ]
[ 2011-11-11T11:23:23+08:00 ] SQL: SELECT * FROM `wt_leave_message_book` WHERE ( `book_id` = '1' ) [ RunTime:0.001107s ]
[ 2011-11-11T11:24:49+08:00 ] SQL: SHOW COLUMNS FROM `wt_leave_message_book` [ RunTime:0.006732s ]
[ 2011-11-11T11:24:49+08:00 ] SQL: SELECT * FROM `wt_leave_message_book` WHERE ( `book_id` = '1' ) [ RunTime:0.000582s ]
[ 2011-11-11T11:25:34+08:00 ] SQL: SHOW COLUMNS FROM `wt_book` [ RunTime:0.007199s ]
[ 2011-11-11T11:25:34+08:00 ] SQL: SELECT * FROM `wt_book` WHERE ( `book_id` = '1' ) LIMIT 1  [ RunTime:0.000802s ]
[ 2011-11-11T11:25:34+08:00 ] SQL: SHOW COLUMNS FROM `wt_leave_message_book` [ RunTime:0.006710s ]
[ 2011-11-11T11:25:34+08:00 ] SQL: SELECT * FROM `wt_leave_message_book` WHERE ( `book_id` = '1' ) [ RunTime:0.000696s ]
[ 2011-11-11T11:25:44+08:00 ] SQL: SHOW COLUMNS FROM `wt_book` [ RunTime:0.006833s ]
[ 2011-11-11T11:25:44+08:00 ] SQL: SELECT * FROM `wt_book` WHERE ( `book_id` = '3' ) LIMIT 1  [ RunTime:0.000719s ]
[ 2011-11-11T11:25:44+08:00 ] SQL: SHOW COLUMNS FROM `wt_leave_message_book` [ RunTime:0.006078s ]
[ 2011-11-11T11:25:44+08:00 ] SQL: SELECT * FROM `wt_leave_message_book` WHERE ( `book_id` = '3' ) [ RunTime:0.000469s ]
[ 2011-11-11T11:26:18+08:00 ] SQL: SHOW COLUMNS FROM `wt_leave_message_book` [ RunTime:0.010797s ]
[ 2011-11-11T11:26:18+08:00 ] SQL: INSERT INTO `wt_leave_message_book` (`user_id`,`book_id`,`message`) VALUES ('1','1','第三本书的评论') [ RunTime:0.087923s ]
[ 2011-11-11T11:27:17+08:00 ] SQL: SHOW COLUMNS FROM `wt_book` [ RunTime:0.007243s ]
[ 2011-11-11T11:27:17+08:00 ] SQL: SELECT * FROM `wt_book` WHERE ( `book_id` = '1' ) LIMIT 1  [ RunTime:0.000758s ]
[ 2011-11-11T11:27:17+08:00 ] SQL: SHOW COLUMNS FROM `wt_leave_message_book` [ RunTime:0.007681s ]
[ 2011-11-11T11:27:17+08:00 ] SQL: SELECT * FROM `wt_leave_message_book` WHERE ( `book_id` = '1' ) [ RunTime:0.000504s ]
[ 2011-11-11T11:29:01+08:00 ] SQL: SHOW COLUMNS FROM `wt_book` [ RunTime:0.017520s ]
[ 2011-11-11T11:29:01+08:00 ] SQL: SELECT * FROM `wt_book` WHERE ( `book_id` = '1' ) LIMIT 1  [ RunTime:0.000752s ]
[ 2011-11-11T11:29:01+08:00 ] SQL: SHOW COLUMNS FROM `wt_leave_message_book` [ RunTime:0.006531s ]
[ 2011-11-11T11:29:01+08:00 ] SQL: SELECT * FROM `wt_leave_message_book` WHERE ( `book_id` = '1' ) [ RunTime:0.000640s ]
[ 2011-11-11T11:31:07+08:00 ] SQL: SHOW COLUMNS FROM `wt_book` [ RunTime:0.007258s ]
[ 2011-11-11T11:31:07+08:00 ] SQL: SELECT * FROM `wt_book` WHERE ( `book_id` = '1' ) LIMIT 1  [ RunTime:0.001308s ]
[ 2011-11-11T11:31:07+08:00 ] SQL: SHOW COLUMNS FROM `wt_leave_message_book` [ RunTime:0.006442s ]
[ 2011-11-11T11:31:07+08:00 ] SQL: SELECT * FROM `wt_leave_message_book` WHERE ( `book_id` = '1' ) [ RunTime:0.000672s ]
[ 2011-11-11T11:31:09+08:00 ] SQL: SHOW COLUMNS FROM `wt_book` [ RunTime:0.007505s ]
[ 2011-11-11T11:31:09+08:00 ] SQL: SELECT * FROM `wt_book` WHERE ( `book_id` = '1' ) LIMIT 1  [ RunTime:0.001107s ]
[ 2011-11-11T11:31:09+08:00 ] SQL: SHOW COLUMNS FROM `wt_leave_message_book` [ RunTime:0.008333s ]
[ 2011-11-11T11:31:09+08:00 ] SQL: SELECT * FROM `wt_leave_message_book` WHERE ( `book_id` = '1' ) [ RunTime:0.000523s ]
[ 2011-11-11T19:44:19+08:00 ] NOTIC: [8] Undefined variable: list 0573c70d8602d961e53f714ea77bd87c.php 第 31 行.
[ 2011-11-11T19:44:19+08:00 ] NOTIC: [8] Undefined variable: page 0573c70d8602d961e53f714ea77bd87c.php 第 40 行.
[ 2011-11-11T19:44:31+08:00 ] SQL: SHOW COLUMNS FROM `wt_book` [ RunTime:0.038105s ]
[ 2011-11-11T19:44:32+08:00 ] SQL: SELECT * FROM `wt_book` WHERE ( `book_id` = '1' ) LIMIT 1  [ RunTime:0.055919s ]
[ 2011-11-11T19:44:32+08:00 ] SQL: SHOW COLUMNS FROM `wt_leave_message_book` [ RunTime:0.007380s ]
[ 2011-11-11T19:44:32+08:00 ] SQL: SELECT * FROM `wt_leave_message_book` WHERE ( `book_id` = '1' ) [ RunTime:0.001576s ]
[ 2011-11-11T19:44:32+08:00 ] NOTIC: [8] Undefined index: user_id ProductAction.class.php 第 83 行.
[ 2011-11-11T19:44:32+08:00 ] SQL: SHOW COLUMNS FROM `wt_user` [ RunTime:0.009540s ]
[ 2011-11-11T19:44:32+08:00 ] SQL: SELECT * FROM `wt_user` [ RunTime:0.000731s ]
[ 2011-11-11T19:44:32+08:00 ] NOTIC: [8] Undefined index: user_name ProductAction.class.php 第 90 行.
[ 2011-11-11T19:46:20+08:00 ] SQL: SHOW COLUMNS FROM `wt_book` [ RunTime:0.008121s ]
[ 2011-11-11T19:46:20+08:00 ] SQL: SELECT * FROM `wt_book` WHERE ( `book_id` = '1' ) LIMIT 1  [ RunTime:0.000719s ]
[ 2011-11-11T19:46:20+08:00 ] SQL: SHOW COLUMNS FROM `wt_leave_message_book` [ RunTime:0.006068s ]
[ 2011-11-11T19:46:20+08:00 ] SQL: SELECT * FROM `wt_leave_message_book` WHERE ( `book_id` = '1' ) [ RunTime:0.006084s ]
[ 2011-11-11T19:46:20+08:00 ] NOTIC: [8] Undefined index: user_id ProductAction.class.php 第 83 行.
[ 2011-11-11T19:46:20+08:00 ] SQL: SHOW COLUMNS FROM `wt_user` [ RunTime:0.009702s ]
[ 2011-11-11T19:46:20+08:00 ] SQL: SELECT * FROM `wt_user` [ RunTime:0.000700s ]
[ 2011-11-11T19:46:20+08:00 ] NOTIC: [8] Undefined index: user_name ProductAction.class.php 第 90 行.
[ 2011-11-11T19:47:03+08:00 ] SQL: SHOW COLUMNS FROM `wt_book` [ RunTime:0.023717s ]
[ 2011-11-11T19:47:03+08:00 ] SQL: SELECT * FROM `wt_book` WHERE ( `book_id` = '1' ) LIMIT 1  [ RunTime:0.004080s ]
[ 2011-11-11T19:47:03+08:00 ] SQL: SHOW COLUMNS FROM `wt_leave_message_book` [ RunTime:0.006776s ]
[ 2011-11-11T19:47:03+08:00 ] SQL: SELECT * FROM `wt_leave_message_book` WHERE ( `book_id` = '1' ) [ RunTime:0.000626s ]
[ 2011-11-11T19:47:03+08:00 ] NOTIC: [8] Undefined index: user_id ProductAction.class.php 第 83 行.
[ 2011-11-11T19:47:03+08:00 ] SQL: SHOW COLUMNS FROM `wt_user` [ RunTime:0.008029s ]
[ 2011-11-11T19:47:03+08:00 ] SQL: SELECT * FROM `wt_user` [ RunTime:0.000939s ]
[ 2011-11-11T19:47:03+08:00 ] NOTIC: [8] Undefined index: user_name ProductAction.class.php 第 90 行.
[ 2011-11-11T19:47:55+08:00 ] SQL: SHOW COLUMNS FROM `wt_book` [ RunTime:0.008674s ]
[ 2011-11-11T19:47:55+08:00 ] SQL: SELECT * FROM `wt_book` WHERE ( `book_id` = '1' ) LIMIT 1  [ RunTime:0.001128s ]
[ 2011-11-11T19:47:55+08:00 ] SQL: SHOW COLUMNS FROM `wt_leave_message_book` [ RunTime:0.008587s ]
[ 2011-11-11T19:47:55+08:00 ] SQL: SELECT * FROM `wt_leave_message_book` WHERE ( `book_id` = '1' ) [ RunTime:0.000680s ]
[ 2011-11-11T19:47:55+08:00 ] NOTIC: [8] Undefined index: user_id ProductAction.class.php 第 83 行.
[ 2011-11-11T19:47:55+08:00 ] SQL: SHOW COLUMNS FROM `wt_user` [ RunTime:0.019102s ]
[ 2011-11-11T19:47:55+08:00 ] SQL: SELECT * FROM `wt_user` [ RunTime:0.001465s ]
[ 2011-11-11T19:48:21+08:00 ] SQL: SHOW COLUMNS FROM `wt_book` [ RunTime:0.008993s ]
[ 2011-11-11T19:48:21+08:00 ] SQL: SELECT * FROM `wt_book` WHERE ( `book_id` = '1' ) LIMIT 1  [ RunTime:0.001341s ]
[ 2011-11-11T19:48:21+08:00 ] SQL: SHOW COLUMNS FROM `wt_leave_message_book` [ RunTime:0.008109s ]
[ 2011-11-11T19:48:21+08:00 ] SQL: SELECT * FROM `wt_leave_message_book` WHERE ( `book_id` = '1' ) [ RunTime:0.000927s ]
[ 2011-11-11T19:48:21+08:00 ] NOTIC: [8] Undefined index: user_id ProductAction.class.php 第 83 行.
[ 2011-11-11T19:48:21+08:00 ] SQL: SHOW COLUMNS FROM `wt_user` [ RunTime:0.007773s ]
[ 2011-11-11T19:48:21+08:00 ] SQL: SELECT * FROM `wt_user` [ RunTime:0.000591s ]
[ 2011-11-11T19:51:29+08:00 ] SQL: SHOW COLUMNS FROM `wt_book` [ RunTime:0.009188s ]
[ 2011-11-11T19:51:29+08:00 ] SQL: SELECT * FROM `wt_book` WHERE ( `book_id` = '1' ) LIMIT 1  [ RunTime:0.000727s ]
[ 2011-11-11T19:51:29+08:00 ] SQL: SHOW COLUMNS FROM `wt_leave_message_book` [ RunTime:0.013781s ]
[ 2011-11-11T19:51:29+08:00 ] SQL: SELECT * FROM `wt_leave_message_book` WHERE ( `book_id` = '1' ) [ RunTime:0.000713s ]
[ 2011-11-11T19:51:29+08:00 ] NOTIC: [8] Undefined index: user_id ProductAction.class.php 第 81 行.
[ 2011-11-11T19:51:29+08:00 ] SQL: SHOW COLUMNS FROM `wt_user` [ RunTime:0.009551s ]
[ 2011-11-11T19:51:29+08:00 ] SQL: SELECT * FROM `wt_user` [ RunTime:0.001234s ]
[ 2011-11-11T19:51:29+08:00 ] NOTIC: [8] Undefined index: user_name ProductAction.class.php 第 90 行.
[ 2011-11-11T19:51:29+08:00 ] SQL: SELECT * FROM `wt_user` [ RunTime:0.001037s ]
[ 2011-11-11T19:51:29+08:00 ] NOTIC: [8] Undefined index: user_name ProductAction.class.php 第 90 行.
[ 2011-11-11T19:51:29+08:00 ] SQL: SELECT * FROM `wt_user` [ RunTime:0.000709s ]
[ 2011-11-11T19:51:29+08:00 ] NOTIC: [8] Undefined index: user_name ProductAction.class.php 第 90 行.
[ 2011-11-11T19:51:29+08:00 ] SQL: SELECT * FROM `wt_user` [ RunTime:0.000673s ]
[ 2011-11-11T19:51:29+08:00 ] NOTIC: [8] Undefined index: user_name ProductAction.class.php 第 90 行.
[ 2011-11-11T19:55:09+08:00 ] SQL: SHOW COLUMNS FROM `wt_book` [ RunTime:0.007570s ]
[ 2011-11-11T19:55:09+08:00 ] SQL: SELECT * FROM `wt_book` WHERE ( `book_id` = '1' ) LIMIT 1  [ RunTime:0.000710s ]
[ 2011-11-11T19:55:09+08:00 ] SQL: SHOW COLUMNS FROM `wt_leave_message_book` [ RunTime:0.008148s ]
[ 2011-11-11T19:55:09+08:00 ] SQL: SELECT * FROM `wt_leave_message_book` WHERE ( `book_id` = '1' ) [ RunTime:0.001721s ]
[ 2011-11-11T19:55:09+08:00 ] NOTIC: [8] Undefined index: user_id ProductAction.class.php 第 81 行.
[ 2011-11-11T19:55:09+08:00 ] SQL: SHOW COLUMNS FROM `wt_user` [ RunTime:0.013133s ]
[ 2011-11-11T19:55:09+08:00 ] SQL: SELECT * FROM `wt_user` [ RunTime:0.000980s ]
[ 2011-11-11T19:55:09+08:00 ] NOTIC: [8] Undefined index: user_name ProductAction.class.php 第 90 行.
[ 2011-11-11T19:55:09+08:00 ] SQL: SELECT * FROM `wt_user` [ RunTime:0.000844s ]
[ 2011-11-11T19:55:09+08:00 ] NOTIC: [8] Undefined index: user_name ProductAction.class.php 第 90 行.
[ 2011-11-11T19:55:09+08:00 ] SQL: SELECT * FROM `wt_user` [ RunTime:0.000760s ]
[ 2011-11-11T19:55:09+08:00 ] NOTIC: [8] Undefined index: user_name ProductAction.class.php 第 90 行.
[ 2011-11-11T19:55:09+08:00 ] SQL: SELECT * FROM `wt_user` [ RunTime:0.000943s ]
[ 2011-11-11T19:55:09+08:00 ] NOTIC: [8] Undefined index: user_name ProductAction.class.php 第 90 行.
[ 2011-11-11T19:57:29+08:00 ] SQL: SHOW COLUMNS FROM `wt_book` [ RunTime:0.008040s ]
[ 2011-11-11T19:57:29+08:00 ] SQL: SELECT * FROM `wt_book` WHERE ( `book_id` = '1' ) LIMIT 1  [ RunTime:0.001319s ]
[ 2011-11-11T19:57:29+08:00 ] SQL: SHOW COLUMNS FROM `wt_leave_message_book` [ RunTime:0.007877s ]
[ 2011-11-11T19:57:29+08:00 ] SQL: SELECT * FROM `wt_leave_message_book` WHERE ( `book_id` = '1' ) [ RunTime:0.000480s ]
[ 2011-11-11T19:57:29+08:00 ] SQL: SHOW COLUMNS FROM `wt_user` [ RunTime:0.013018s ]
[ 2011-11-11T19:57:29+08:00 ] SQL: SELECT * FROM `wt_user` WHERE 12 [ RunTime:0.000968s ]
[ 2011-11-11T19:57:29+08:00 ] NOTIC: [8] Undefined index: user_name ProductAction.class.php 第 90 行.
[ 2011-11-11T19:57:29+08:00 ] SQL: SELECT * FROM `wt_user` WHERE 17 [ RunTime:0.000588s ]
[ 2011-11-11T19:57:29+08:00 ] NOTIC: [8] Undefined index: user_name ProductAction.class.php 第 90 行.
[ 2011-11-11T19:57:29+08:00 ] SQL: SELECT * FROM `wt_user` WHERE 14 [ RunTime:0.000468s ]
[ 2011-11-11T19:57:29+08:00 ] NOTIC: [8] Undefined index: user_name ProductAction.class.php 第 90 行.
[ 2011-11-11T19:57:29+08:00 ] SQL: SELECT * FROM `wt_user` WHERE 15 [ RunTime:0.000486s ]
[ 2011-11-11T19:57:29+08:00 ] NOTIC: [8] Undefined index: user_name ProductAction.class.php 第 90 行.
[ 2011-11-11T19:59:10+08:00 ] SQL: SHOW COLUMNS FROM `wt_book` [ RunTime:0.015405s ]
[ 2011-11-11T19:59:10+08:00 ] SQL: SELECT * FROM `wt_book` WHERE ( `book_id` = '1' ) LIMIT 1  [ RunTime:0.009329s ]
[ 2011-11-11T19:59:10+08:00 ] SQL: SHOW COLUMNS FROM `wt_leave_message_book` [ RunTime:0.007700s ]
[ 2011-11-11T19:59:10+08:00 ] SQL: SELECT * FROM `wt_leave_message_book` WHERE ( `book_id` = '1' ) [ RunTime:0.000938s ]
[ 2011-11-11T19:59:10+08:00 ] SQL: SHOW COLUMNS FROM `wt_user` [ RunTime:0.016372s ]
[ 2011-11-11T19:59:10+08:00 ] SQL: SELECT * FROM `wt_user` WHERE 12 [ RunTime:0.011041s ]
[ 2011-11-11T19:59:10+08:00 ] NOTIC: [8] Undefined index: user_name ProductAction.class.php 第 90 行.
[ 2011-11-11T19:59:10+08:00 ] SQL: SELECT * FROM `wt_user` WHERE 17 [ RunTime:0.001451s ]
[ 2011-11-11T19:59:10+08:00 ] NOTIC: [8] Undefined index: user_name ProductAction.class.php 第 90 行.
[ 2011-11-11T19:59:10+08:00 ] SQL: SELECT * FROM `wt_user` WHERE 14 [ RunTime:0.001421s ]
[ 2011-11-11T19:59:10+08:00 ] NOTIC: [8] Undefined index: user_name ProductAction.class.php 第 90 行.
[ 2011-11-11T19:59:10+08:00 ] SQL: SELECT * FROM `wt_user` WHERE 15 [ RunTime:0.001223s ]
[ 2011-11-11T19:59:10+08:00 ] NOTIC: [8] Undefined index: user_name ProductAction.class.php 第 90 行.
[ 2011-11-11T19:59:23+08:00 ] SQL: SHOW COLUMNS FROM `wt_book` [ RunTime:0.013389s ]
[ 2011-11-11T19:59:23+08:00 ] SQL: SELECT * FROM `wt_book` WHERE ( `book_id` = '1' ) LIMIT 1  [ RunTime:0.005865s ]
[ 2011-11-11T19:59:23+08:00 ] SQL: SHOW COLUMNS FROM `wt_leave_message_book` [ RunTime:0.008904s ]
[ 2011-11-11T19:59:23+08:00 ] SQL: SELECT * FROM `wt_leave_message_book` WHERE ( `book_id` = '1' ) [ RunTime:0.001049s ]
[ 2011-11-11T19:59:23+08:00 ] SQL: SHOW COLUMNS FROM `wt_user` [ RunTime:0.012027s ]
[ 2011-11-11T19:59:23+08:00 ] SQL: SELECT * FROM `wt_user` WHERE 12 [ RunTime:0.001182s ]
[ 2011-11-11T19:59:23+08:00 ] NOTIC: [8] Undefined index: user_name ProductAction.class.php 第 90 行.
[ 2011-11-11T19:59:23+08:00 ] SQL: SELECT * FROM `wt_user` WHERE 17 [ RunTime:0.001032s ]
[ 2011-11-11T19:59:23+08:00 ] NOTIC: [8] Undefined index: user_name ProductAction.class.php 第 90 行.
[ 2011-11-11T19:59:23+08:00 ] SQL: SELECT * FROM `wt_user` WHERE 14 [ RunTime:0.001135s ]
[ 2011-11-11T19:59:23+08:00 ] NOTIC: [8] Undefined index: user_name ProductAction.class.php 第 90 行.
[ 2011-11-11T19:59:23+08:00 ] SQL: SELECT * FROM `wt_user` WHERE 15 [ RunTime:0.001368s ]
[ 2011-11-11T19:59:23+08:00 ] NOTIC: [8] Undefined index: user_name ProductAction.class.php 第 90 行.
[ 2011-11-11T20:00:29+08:00 ] SQL: SHOW COLUMNS FROM `wt_book` [ RunTime:0.028245s ]
[ 2011-11-11T20:00:29+08:00 ] SQL: SELECT * FROM `wt_book` WHERE ( `book_id` = '1' ) LIMIT 1  [ RunTime:0.013622s ]
[ 2011-11-11T20:00:29+08:00 ] SQL: SHOW COLUMNS FROM `wt_leave_message_book` [ RunTime:0.008507s ]
[ 2011-11-11T20:00:29+08:00 ] SQL: SELECT * FROM `wt_leave_message_book` WHERE ( `book_id` = '1' ) [ RunTime:0.001440s ]
[ 2011-11-11T20:00:29+08:00 ] SQL: SHOW COLUMNS FROM `wt_user` [ RunTime:0.010989s ]
[ 2011-11-11T20:00:29+08:00 ] SQL: SELECT * FROM `wt_user` WHERE ( `user_id` = '12' ) [ RunTime:0.001380s ]
[ 2011-11-11T20:00:29+08:00 ] NOTIC: [8] Undefined index: user_name ProductAction.class.php 第 90 行.
[ 2011-11-11T20:00:29+08:00 ] SQL: SELECT * FROM `wt_user` WHERE ( `user_id` = '17' ) [ RunTime:0.000879s ]
[ 2011-11-11T20:00:29+08:00 ] NOTIC: [8] Undefined index: user_name ProductAction.class.php 第 90 行.
[ 2011-11-11T20:00:29+08:00 ] SQL: SELECT * FROM `wt_user` WHERE ( `user_id` = '14' ) [ RunTime:0.000964s ]
[ 2011-11-11T20:00:29+08:00 ] NOTIC: [8] Undefined index: user_name ProductAction.class.php 第 90 行.
[ 2011-11-11T20:00:29+08:00 ] SQL: SELECT * FROM `wt_user` WHERE ( `user_id` = '15' ) [ RunTime:0.000857s ]
[ 2011-11-11T20:00:29+08:00 ] NOTIC: [8] Undefined index: user_name ProductAction.class.php 第 90 行.
[ 2011-11-11T20:00:43+08:00 ] SQL: SHOW COLUMNS FROM `wt_book` [ RunTime:0.018002s ]
[ 2011-11-11T20:00:43+08:00 ] SQL: SELECT * FROM `wt_book` WHERE ( `book_id` = '1' ) LIMIT 1  [ RunTime:0.000965s ]
[ 2011-11-11T20:00:43+08:00 ] SQL: SHOW COLUMNS FROM `wt_leave_message_book` [ RunTime:0.008331s ]
[ 2011-11-11T20:00:43+08:00 ] SQL: SELECT * FROM `wt_leave_message_book` WHERE ( `book_id` = '1' ) [ RunTime:0.000767s ]
[ 2011-11-11T20:00:43+08:00 ] SQL: SHOW COLUMNS FROM `wt_user` [ RunTime:0.009376s ]
[ 2011-11-11T20:00:43+08:00 ] SQL: SELECT * FROM `wt_user` WHERE ( `user_id` = '12' ) [ RunTime:0.000815s ]
[ 2011-11-11T20:00:43+08:00 ] NOTIC: [8] Undefined index: user_name ProductAction.class.php 第 90 行.
[ 2011-11-11T20:00:43+08:00 ] SQL: SELECT * FROM `wt_user` WHERE ( `user_id` = '17' ) [ RunTime:0.000576s ]
[ 2011-11-11T20:00:43+08:00 ] NOTIC: [8] Undefined index: user_name ProductAction.class.php 第 90 行.
[ 2011-11-11T20:00:43+08:00 ] SQL: SELECT * FROM `wt_user` WHERE ( `user_id` = '14' ) [ RunTime:0.000950s ]
[ 2011-11-11T20:00:43+08:00 ] NOTIC: [8] Undefined index: user_name ProductAction.class.php 第 90 行.
[ 2011-11-11T20:00:43+08:00 ] SQL: SELECT * FROM `wt_user` WHERE ( `user_id` = '15' ) [ RunTime:0.002185s ]
[ 2011-11-11T20:00:43+08:00 ] NOTIC: [8] Undefined index: user_name ProductAction.class.php 第 90 行.
[ 2011-11-11T20:01:00+08:00 ] SQL: SHOW COLUMNS FROM `wt_book` [ RunTime:0.021018s ]
[ 2011-11-11T20:01:00+08:00 ] SQL: SELECT * FROM `wt_book` WHERE ( `book_id` = '1' ) LIMIT 1  [ RunTime:0.001022s ]
[ 2011-11-11T20:01:00+08:00 ] SQL: SHOW COLUMNS FROM `wt_leave_message_book` [ RunTime:0.012998s ]
[ 2011-11-11T20:01:00+08:00 ] SQL: SELECT * FROM `wt_leave_message_book` WHERE ( `book_id` = '1' ) [ RunTime:0.000682s ]
[ 2011-11-11T20:01:00+08:00 ] SQL: SHOW COLUMNS FROM `wt_user` [ RunTime:0.014982s ]
[ 2011-11-11T20:01:00+08:00 ] SQL: SELECT * FROM `wt_user` WHERE ( `user_id` = '12' ) [ RunTime:0.001615s ]
[ 2011-11-11T20:01:00+08:00 ] NOTIC: [8] Undefined index: user_name ProductAction.class.php 第 90 行.
[ 2011-11-11T20:01:00+08:00 ] SQL: SELECT * FROM `wt_user` WHERE ( `user_id` = '17' ) [ RunTime:0.005079s ]
[ 2011-11-11T20:01:00+08:00 ] NOTIC: [8] Undefined index: user_name ProductAction.class.php 第 90 行.
[ 2011-11-11T20:01:00+08:00 ] SQL: SELECT * FROM `wt_user` WHERE ( `user_id` = '14' ) [ RunTime:0.001780s ]
[ 2011-11-11T20:01:00+08:00 ] NOTIC: [8] Undefined index: user_name ProductAction.class.php 第 90 行.
[ 2011-11-11T20:01:00+08:00 ] SQL: SELECT * FROM `wt_user` WHERE ( `user_id` = '15' ) [ RunTime:0.000719s ]
[ 2011-11-11T20:01:00+08:00 ] NOTIC: [8] Undefined index: user_name ProductAction.class.php 第 90 行.
[ 2011-11-11T20:01:02+08:00 ] SQL: SHOW COLUMNS FROM `wt_book` [ RunTime:0.011829s ]
[ 2011-11-11T20:01:02+08:00 ] SQL: SELECT * FROM `wt_book` WHERE ( `book_id` = '1' ) LIMIT 1  [ RunTime:0.001634s ]
[ 2011-11-11T20:01:03+08:00 ] SQL: SHOW COLUMNS FROM `wt_leave_message_book` [ RunTime:0.008549s ]
[ 2011-11-11T20:01:03+08:00 ] SQL: SELECT * FROM `wt_leave_message_book` WHERE ( `book_id` = '1' ) [ RunTime:0.001077s ]
[ 2011-11-11T20:01:03+08:00 ] SQL: SHOW COLUMNS FROM `wt_user` [ RunTime:0.010780s ]
[ 2011-11-11T20:01:03+08:00 ] SQL: SELECT * FROM `wt_user` WHERE ( `user_id` = '12' ) [ RunTime:0.004118s ]
[ 2011-11-11T20:01:03+08:00 ] NOTIC: [8] Undefined index: user_name ProductAction.class.php 第 90 行.
[ 2011-11-11T20:01:03+08:00 ] SQL: SELECT * FROM `wt_user` WHERE ( `user_id` = '17' ) [ RunTime:0.001133s ]
[ 2011-11-11T20:01:03+08:00 ] NOTIC: [8] Undefined index: user_name ProductAction.class.php 第 90 行.
[ 2011-11-11T20:01:03+08:00 ] SQL: SELECT * FROM `wt_user` WHERE ( `user_id` = '14' ) [ RunTime:0.001608s ]
[ 2011-11-11T20:01:03+08:00 ] NOTIC: [8] Undefined index: user_name ProductAction.class.php 第 90 行.
[ 2011-11-11T20:01:03+08:00 ] SQL: SELECT * FROM `wt_user` WHERE ( `user_id` = '15' ) [ RunTime:0.009743s ]
[ 2011-11-11T20:01:03+08:00 ] NOTIC: [8] Undefined index: user_name ProductAction.class.php 第 90 行.
[ 2011-11-11T20:01:12+08:00 ] SQL: SHOW COLUMNS FROM `wt_book` [ RunTime:0.011040s ]
[ 2011-11-11T20:01:12+08:00 ] SQL: SELECT * FROM `wt_book` WHERE ( `book_id` = '1' ) LIMIT 1  [ RunTime:0.001141s ]
[ 2011-11-11T20:01:12+08:00 ] SQL: SHOW COLUMNS FROM `wt_leave_message_book` [ RunTime:0.007485s ]
[ 2011-11-11T20:01:12+08:00 ] SQL: SELECT * FROM `wt_leave_message_book` WHERE ( `book_id` = '1' ) [ RunTime:0.000685s ]
[ 2011-11-11T20:01:12+08:00 ] SQL: SHOW COLUMNS FROM `wt_user` [ RunTime:0.009088s ]
[ 2011-11-11T20:01:12+08:00 ] SQL: SELECT * FROM `wt_user` WHERE ( `user_id` = '12' ) [ RunTime:0.000803s ]
[ 2011-11-11T20:01:12+08:00 ] NOTIC: [8] Undefined index: user_name ProductAction.class.php 第 90 行.
[ 2011-11-11T20:01:12+08:00 ] SQL: SELECT * FROM `wt_user` WHERE ( `user_id` = '17' ) [ RunTime:0.001164s ]
[ 2011-11-11T20:01:12+08:00 ] NOTIC: [8] Undefined index: user_name ProductAction.class.php 第 90 行.
[ 2011-11-11T20:01:12+08:00 ] SQL: SELECT * FROM `wt_user` WHERE ( `user_id` = '14' ) [ RunTime:0.001765s ]
[ 2011-11-11T20:01:12+08:00 ] NOTIC: [8] Undefined index: user_name ProductAction.class.php 第 90 行.
[ 2011-11-11T20:01:12+08:00 ] SQL: SELECT * FROM `wt_user` WHERE ( `user_id` = '15' ) [ RunTime:0.001795s ]
[ 2011-11-11T20:01:12+08:00 ] NOTIC: [8] Undefined index: user_name ProductAction.class.php 第 90 行.
[ 2011-11-11T20:01:27+08:00 ] SQL: SHOW COLUMNS FROM `wt_book` [ RunTime:0.014928s ]
[ 2011-11-11T20:01:27+08:00 ] SQL: SELECT * FROM `wt_book` WHERE ( `book_id` = '1' ) LIMIT 1  [ RunTime:0.001149s ]
[ 2011-11-11T20:01:27+08:00 ] SQL: SHOW COLUMNS FROM `wt_leave_message_book` [ RunTime:0.007310s ]
[ 2011-11-11T20:01:27+08:00 ] SQL: SELECT * FROM `wt_leave_message_book` WHERE ( `book_id` = '1' ) [ RunTime:0.000781s ]
[ 2011-11-11T20:01:27+08:00 ] SQL: SHOW COLUMNS FROM `wt_user` [ RunTime:0.013797s ]
[ 2011-11-11T20:01:27+08:00 ] SQL: SELECT * FROM `wt_user` WHERE ( `user_id` = '12' ) [ RunTime:0.000936s ]
[ 2011-11-11T20:01:27+08:00 ] SQL: SELECT * FROM `wt_user` WHERE ( `user_id` = '17' ) [ RunTime:0.003822s ]
[ 2011-11-11T20:01:27+08:00 ] SQL: SELECT * FROM `wt_user` WHERE ( `user_id` = '14' ) [ RunTime:0.000697s ]
[ 2011-11-11T20:01:27+08:00 ] SQL: SELECT * FROM `wt_user` WHERE ( `user_id` = '15' ) [ RunTime:0.000699s ]
[ 2011-11-11T20:01:59+08:00 ] SQL: SHOW COLUMNS FROM `wt_book` [ RunTime:0.012083s ]
[ 2011-11-11T20:01:59+08:00 ] SQL: SELECT * FROM `wt_book` WHERE ( `book_id` = '1' ) LIMIT 1  [ RunTime:0.001156s ]
[ 2011-11-11T20:01:59+08:00 ] SQL: SHOW COLUMNS FROM `wt_leave_message_book` [ RunTime:0.007456s ]
[ 2011-11-11T20:01:59+08:00 ] SQL: SELECT * FROM `wt_leave_message_book` WHERE ( `book_id` = '1' ) [ RunTime:0.000577s ]
[ 2011-11-11T20:01:59+08:00 ] SQL: SHOW COLUMNS FROM `wt_user` [ RunTime:0.008029s ]
[ 2011-11-11T20:01:59+08:00 ] SQL: SELECT * FROM `wt_user` WHERE ( `user_id` = '12' ) [ RunTime:0.005599s ]
[ 2011-11-11T20:01:59+08:00 ] SQL: SELECT * FROM `wt_user` WHERE ( `user_id` = '17' ) [ RunTime:0.001071s ]
[ 2011-11-11T20:01:59+08:00 ] SQL: SELECT * FROM `wt_user` WHERE ( `user_id` = '14' ) [ RunTime:0.000820s ]
[ 2011-11-11T20:01:59+08:00 ] SQL: SELECT * FROM `wt_user` WHERE ( `user_id` = '15' ) [ RunTime:0.000953s ]
[ 2011-11-11T20:05:29+08:00 ] SQL: SHOW COLUMNS FROM `wt_book` [ RunTime:0.009916s ]
[ 2011-11-11T20:05:29+08:00 ] SQL: SELECT * FROM `wt_book` WHERE ( `book_id` = '1' ) LIMIT 1  [ RunTime:0.001571s ]
[ 2011-11-11T20:05:29+08:00 ] SQL: SHOW COLUMNS FROM `wt_leave_message_book` [ RunTime:0.010269s ]
[ 2011-11-11T20:05:29+08:00 ] SQL: SELECT * FROM `wt_leave_message_book` WHERE ( `book_id` = '1' ) [ RunTime:0.001076s ]
[ 2011-11-11T20:05:29+08:00 ] SQL: SHOW COLUMNS FROM `wt_user` [ RunTime:0.010545s ]
[ 2011-11-11T20:05:29+08:00 ] SQL: SELECT * FROM `wt_user` WHERE ( `user_id` = '12' ) [ RunTime:0.000709s ]
[ 2011-11-11T20:05:29+08:00 ] SQL: SELECT * FROM `wt_user` WHERE ( `user_id` = '17' ) [ RunTime:0.000736s ]
[ 2011-11-11T20:05:29+08:00 ] SQL: SELECT * FROM `wt_user` WHERE ( `user_id` = '14' ) [ RunTime:0.000548s ]
[ 2011-11-11T20:05:29+08:00 ] SQL: SELECT * FROM `wt_user` WHERE ( `user_id` = '15' ) [ RunTime:0.000844s ]
[ 2011-11-11T20:05:39+08:00 ] SQL: SHOW COLUMNS FROM `wt_book` [ RunTime:0.009561s ]
[ 2011-11-11T20:05:39+08:00 ] SQL: SELECT * FROM `wt_book` WHERE ( `book_id` = '1' ) LIMIT 1  [ RunTime:0.001597s ]
[ 2011-11-11T20:05:39+08:00 ] SQL: SHOW COLUMNS FROM `wt_leave_message_book` [ RunTime:0.010581s ]
[ 2011-11-11T20:05:39+08:00 ] SQL: SELECT * FROM `wt_leave_message_book` WHERE ( `book_id` = '1' ) [ RunTime:0.000874s ]
[ 2011-11-11T20:05:39+08:00 ] SQL: SHOW COLUMNS FROM `wt_user` [ RunTime:0.013362s ]
[ 2011-11-11T20:05:39+08:00 ] SQL: SELECT * FROM `wt_user` WHERE ( `user_id` = '12' ) [ RunTime:0.001185s ]
[ 2011-11-11T20:05:39+08:00 ] SQL: SELECT * FROM `wt_user` WHERE ( `user_id` = '17' ) [ RunTime:0.000729s ]
[ 2011-11-11T20:05:39+08:00 ] SQL: SELECT * FROM `wt_user` WHERE ( `user_id` = '14' ) [ RunTime:0.000877s ]
[ 2011-11-11T20:05:39+08:00 ] SQL: SELECT * FROM `wt_user` WHERE ( `user_id` = '15' ) [ RunTime:0.000693s ]
[ 2011-11-11T20:07:49+08:00 ] SQL: SHOW COLUMNS FROM `wt_book` [ RunTime:0.007637s ]
[ 2011-11-11T20:07:49+08:00 ] SQL: SELECT * FROM `wt_book` WHERE ( `book_id` = '1' ) LIMIT 1  [ RunTime:0.001773s ]
[ 2011-11-11T20:07:49+08:00 ] SQL: SHOW COLUMNS FROM `wt_leave_message_book` [ RunTime:0.008673s ]
[ 2011-11-11T20:07:49+08:00 ] SQL: SELECT * FROM `wt_leave_message_book` WHERE ( `book_id` = '1' ) [ RunTime:0.000511s ]
[ 2011-11-11T20:07:49+08:00 ] SQL: SHOW COLUMNS FROM `wt_user` [ RunTime:0.010617s ]
[ 2011-11-11T20:07:49+08:00 ] SQL: SELECT * FROM `wt_user` WHERE ( `user_id` = '12' ) [ RunTime:0.000925s ]
[ 2011-11-11T20:07:49+08:00 ] SQL: SELECT * FROM `wt_user` WHERE ( `user_id` = '17' ) [ RunTime:0.003027s ]
[ 2011-11-11T20:07:49+08:00 ] SQL: SELECT * FROM `wt_user` WHERE ( `user_id` = '14' ) [ RunTime:0.000793s ]
[ 2011-11-11T20:07:49+08:00 ] SQL: SELECT * FROM `wt_user` WHERE ( `user_id` = '15' ) [ RunTime:0.000529s ]
[ 2011-11-11T20:08:08+08:00 ] SQL: SHOW COLUMNS FROM `wt_book` [ RunTime:0.011234s ]
[ 2011-11-11T20:08:08+08:00 ] SQL: SELECT * FROM `wt_book` WHERE ( `book_id` = '1' ) LIMIT 1  [ RunTime:0.001370s ]
[ 2011-11-11T20:08:08+08:00 ] SQL: SHOW COLUMNS FROM `wt_leave_message_book` [ RunTime:0.013403s ]
[ 2011-11-11T20:08:08+08:00 ] SQL: SELECT * FROM `wt_leave_message_book` WHERE ( `book_id` = '1' ) [ RunTime:0.002428s ]
[ 2011-11-11T20:08:08+08:00 ] SQL: SHOW COLUMNS FROM `wt_user` [ RunTime:0.009409s ]
[ 2011-11-11T20:08:08+08:00 ] SQL: SELECT * FROM `wt_user` WHERE ( `user_id` = '12' ) [ RunTime:0.001313s ]
[ 2011-11-11T20:08:08+08:00 ] SQL: SELECT * FROM `wt_user` WHERE ( `user_id` = '17' ) [ RunTime:0.000788s ]
[ 2011-11-11T20:08:08+08:00 ] SQL: SELECT * FROM `wt_user` WHERE ( `user_id` = '14' ) [ RunTime:0.000785s ]
[ 2011-11-11T20:08:08+08:00 ] SQL: SELECT * FROM `wt_user` WHERE ( `user_id` = '15' ) [ RunTime:0.000780s ]
[ 2011-11-11T20:10:18+08:00 ] SQL: SHOW COLUMNS FROM `wt_book` [ RunTime:0.007641s ]
[ 2011-11-11T20:10:18+08:00 ] SQL: SELECT * FROM `wt_book` WHERE ( `book_id` = '1' ) LIMIT 1  [ RunTime:0.000718s ]
[ 2011-11-11T20:10:18+08:00 ] SQL: SHOW COLUMNS FROM `wt_leave_message_book` [ RunTime:0.006527s ]
[ 2011-11-11T20:10:18+08:00 ] SQL: SELECT * FROM `wt_leave_message_book` WHERE ( `book_id` = '1' ) [ RunTime:0.000881s ]
[ 2011-11-11T20:10:18+08:00 ] SQL: SHOW COLUMNS FROM `wt_user` [ RunTime:0.007896s ]
[ 2011-11-11T20:10:18+08:00 ] SQL: SELECT * FROM `wt_user` WHERE ( `user_id` = '12' ) [ RunTime:0.000561s ]
[ 2011-11-11T20:10:18+08:00 ] SQL: SELECT * FROM `wt_user` WHERE ( `user_id` = '17' ) [ RunTime:0.000468s ]
[ 2011-11-11T20:10:18+08:00 ] SQL: SELECT * FROM `wt_user` WHERE ( `user_id` = '14' ) [ RunTime:0.000485s ]
[ 2011-11-11T20:10:18+08:00 ] SQL: SELECT * FROM `wt_user` WHERE ( `user_id` = '15' ) [ RunTime:0.000462s ]
[ 2011-11-11T20:10:45+08:00 ] SQL: SHOW COLUMNS FROM `wt_leave_message_book` [ RunTime:0.008688s ]
[ 2011-11-11T20:10:45+08:00 ] SQL: INSERT INTO `wt_leave_message_book` (`user_id`,`book_id`,`message`) VALUES ('1','1','第四条测试') [ RunTime:0.279678s ]
[ 2011-11-11T20:10:51+08:00 ] SQL: SHOW COLUMNS FROM `wt_book` [ RunTime:0.010573s ]
[ 2011-11-11T20:10:51+08:00 ] SQL: SELECT * FROM `wt_book` WHERE ( `book_id` = '1' ) LIMIT 1  [ RunTime:0.001271s ]
[ 2011-11-11T20:10:51+08:00 ] SQL: SHOW COLUMNS FROM `wt_leave_message_book` [ RunTime:0.009328s ]
[ 2011-11-11T20:10:51+08:00 ] SQL: SELECT * FROM `wt_leave_message_book` WHERE ( `book_id` = '1' ) [ RunTime:0.000891s ]
[ 2011-11-11T20:10:51+08:00 ] SQL: SHOW COLUMNS FROM `wt_user` [ RunTime:0.013228s ]
[ 2011-11-11T20:10:51+08:00 ] SQL: SELECT * FROM `wt_user` WHERE ( `user_id` = '12' ) [ RunTime:0.000934s ]
[ 2011-11-11T20:10:51+08:00 ] SQL: SELECT * FROM `wt_user` WHERE ( `user_id` = '17' ) [ RunTime:0.000929s ]
[ 2011-11-11T20:10:51+08:00 ] SQL: SELECT * FROM `wt_user` WHERE ( `user_id` = '14' ) [ RunTime:0.000880s ]
[ 2011-11-11T20:10:51+08:00 ] SQL: SELECT * FROM `wt_user` WHERE ( `user_id` = '15' ) [ RunTime:0.001898s ]
[ 2011-11-11T20:10:51+08:00 ] SQL: SELECT * FROM `wt_user` WHERE ( `user_id` = '1' ) [ RunTime:0.000697s ]
[ 2011-11-11T20:20:15+08:00 ] SQL: SHOW COLUMNS FROM `wt_book` [ RunTime:0.023422s ]
[ 2011-11-11T20:20:15+08:00 ] SQL: SELECT * FROM `wt_book` WHERE ( `book_id` = 0 ) LIMIT 1  [ RunTime:0.000864s ]
[ 2011-11-11T20:20:15+08:00 ] SQL: SHOW COLUMNS FROM `wt_leave_message_book` [ RunTime:0.007464s ]
[ 2011-11-11T20:20:15+08:00 ] SQL: SELECT * FROM `wt_leave_message_book` WHERE ( `book_id` = 0 ) [ RunTime:0.000949s ]
[ 2011-11-11T20:20:15+08:00 ] SQL: SHOW COLUMNS FROM `wt_user` [ RunTime:0.007143s ]
[ 2011-11-11T20:20:15+08:00 ] NOTIC: [2] Invalid argument supplied for foreach() ProductAction.class.php 第 85 行.
[ 2011-11-11T20:20:15+08:00 ] NOTIC: [8] Undefined variable: mess ProductAction.class.php 第 95 行.
[ 2011-11-11T20:20:22+08:00 ] SQL: SHOW COLUMNS FROM `wt_book` [ RunTime:0.012670s ]
[ 2011-11-11T20:20:22+08:00 ] SQL: SELECT * FROM `wt_book` WHERE ( `book_id` = '1' ) LIMIT 1  [ RunTime:0.001354s ]
[ 2011-11-11T20:20:22+08:00 ] SQL: SHOW COLUMNS FROM `wt_leave_message_book` [ RunTime:0.010750s ]
[ 2011-11-11T20:20:22+08:00 ] SQL: SELECT * FROM `wt_leave_message_book` WHERE ( `book_id` = '1' ) [ RunTime:0.000977s ]
[ 2011-11-11T20:20:22+08:00 ] SQL: SHOW COLUMNS FROM `wt_user` [ RunTime:0.012732s ]
[ 2011-11-11T20:20:22+08:00 ] SQL: SELECT * FROM `wt_user` WHERE ( `user_id` = '12' ) [ RunTime:0.001034s ]
[ 2011-11-11T20:20:22+08:00 ] SQL: SELECT * FROM `wt_user` WHERE ( `user_id` = '17' ) [ RunTime:0.001109s ]
[ 2011-11-11T20:20:22+08:00 ] SQL: SELECT * FROM `wt_user` WHERE ( `user_id` = '14' ) [ RunTime:0.000831s ]
[ 2011-11-11T20:20:22+08:00 ] SQL: SELECT * FROM `wt_user` WHERE ( `user_id` = '15' ) [ RunTime:0.000820s ]
[ 2011-11-11T20:20:22+08:00 ] SQL: SELECT * FROM `wt_user` WHERE ( `user_id` = '1' ) [ RunTime:0.000921s ]
[ 2011-11-11T20:20:26+08:00 ] SQL: SHOW COLUMNS FROM `wt_book` [ RunTime:0.010673s ]
[ 2011-11-11T20:20:26+08:00 ] SQL: SELECT * FROM `wt_book` WHERE ( `book_id` = '2' ) LIMIT 1  [ RunTime:0.000773s ]
[ 2011-11-11T20:20:26+08:00 ] SQL: SHOW COLUMNS FROM `wt_leave_message_book` [ RunTime:0.007207s ]
[ 2011-11-11T20:20:26+08:00 ] SQL: SELECT * FROM `wt_leave_message_book` WHERE ( `book_id` = '2' ) [ RunTime:0.000835s ]
[ 2011-11-11T20:20:26+08:00 ] SQL: SHOW COLUMNS FROM `wt_user` [ RunTime:0.006900s ]
[ 2011-11-11T20:20:26+08:00 ] NOTIC: [2] Invalid argument supplied for foreach() ProductAction.class.php 第 85 行.
[ 2011-11-11T20:20:26+08:00 ] NOTIC: [8] Undefined variable: mess ProductAction.class.php 第 95 行.
[ 2011-11-11T20:20:34+08:00 ] SQL: SHOW COLUMNS FROM `wt_book` [ RunTime:0.010697s ]
[ 2011-11-11T20:20:34+08:00 ] SQL: SELECT * FROM `wt_book` WHERE ( `book_id` = '1' ) LIMIT 1  [ RunTime:0.001031s ]
[ 2011-11-11T20:20:34+08:00 ] SQL: SHOW COLUMNS FROM `wt_leave_message_book` [ RunTime:0.006172s ]
[ 2011-11-11T20:20:34+08:00 ] SQL: SELECT * FROM `wt_leave_message_book` WHERE ( `book_id` = '1' ) [ RunTime:0.000637s ]
[ 2011-11-11T20:20:34+08:00 ] SQL: SHOW COLUMNS FROM `wt_user` [ RunTime:0.007160s ]
[ 2011-11-11T20:20:34+08:00 ] SQL: SELECT * FROM `wt_user` WHERE ( `user_id` = '12' ) [ RunTime:0.000862s ]
[ 2011-11-11T20:20:34+08:00 ] SQL: SELECT * FROM `wt_user` WHERE ( `user_id` = '17' ) [ RunTime:0.000706s ]
[ 2011-11-11T20:20:34+08:00 ] SQL: SELECT * FROM `wt_user` WHERE ( `user_id` = '14' ) [ RunTime:0.000807s ]
[ 2011-11-11T20:20:34+08:00 ] SQL: SELECT * FROM `wt_user` WHERE ( `user_id` = '15' ) [ RunTime:0.000616s ]
[ 2011-11-11T20:20:34+08:00 ] SQL: SELECT * FROM `wt_user` WHERE ( `user_id` = '1' ) [ RunTime:0.000648s ]
[ 2011-11-11T20:24:11+08:00 ] NOTIC: [2048] Declaration of ProductAction::error() should be compatible with that of Action::error() ProductAction.class.php 第 154 行.
[ 2011-11-11T20:36:25+08:00 ] NOTIC: [2048] Declaration of ProductAction::error() should be compatible with that of Action::error() ProductAction.class.php 第 154 行.
[ 2011-11-11T20:36:25+08:00 ] SQL: SHOW COLUMNS FROM `wt_book` [ RunTime:0.042474s ]
[ 2011-11-11T20:36:25+08:00 ] SQL: SELECT * FROM `wt_book` WHERE ( `book_id` = '1' ) LIMIT 1  [ RunTime:0.001621s ]
[ 2011-11-11T20:36:25+08:00 ] SQL: SHOW COLUMNS FROM `wt_leave_message_book` [ RunTime:0.013147s ]
[ 2011-11-11T20:36:25+08:00 ] SQL: SELECT * FROM `wt_leave_message_book` WHERE ( `book_id` = '1' ) [ RunTime:0.003838s ]
[ 2011-11-11T20:36:25+08:00 ] SQL: SHOW COLUMNS FROM `wt_user` [ RunTime:0.012293s ]
[ 2011-11-11T20:36:25+08:00 ] SQL: SELECT * FROM `wt_user` WHERE ( `user_id` = '12' ) [ RunTime:0.001885s ]
[ 2011-11-11T20:36:25+08:00 ] SQL: SELECT * FROM `wt_user` WHERE ( `user_id` = '17' ) [ RunTime:0.001959s ]
[ 2011-11-11T20:36:25+08:00 ] SQL: SELECT * FROM `wt_user` WHERE ( `user_id` = '14' ) [ RunTime:0.003151s ]
[ 2011-11-11T20:36:25+08:00 ] SQL: SELECT * FROM `wt_user` WHERE ( `user_id` = '15' ) [ RunTime:0.009003s ]
[ 2011-11-11T20:36:25+08:00 ] SQL: SELECT * FROM `wt_user` WHERE ( `user_id` = '1' ) [ RunTime:0.001705s ]
[ 2011-11-11T20:36:26+08:00 ] NOTIC: [2048] Declaration of ProductAction::error() should be compatible with that of Action::error() ProductAction.class.php 第 154 行.
[ 2011-11-11T20:36:38+08:00 ] NOTIC: [2048] Declaration of ProductAction::error() should be compatible with that of Action::error() ProductAction.class.php 第 154 行.
[ 2011-11-11T20:39:37+08:00 ] NOTIC: [2048] Declaration of ProductAction::error() should be compatible with that of Action::error() ProductAction.class.php 第 154 行.
[ 2011-11-11T20:39:37+08:00 ] SQL: SHOW COLUMNS FROM `wt_book` [ RunTime:0.008012s ]
[ 2011-11-11T20:39:37+08:00 ] SQL: SELECT * FROM `wt_book` WHERE ( `book_id` = '1' ) LIMIT 1  [ RunTime:0.001301s ]
[ 2011-11-11T20:39:37+08:00 ] SQL: SHOW COLUMNS FROM `wt_leave_message_book` [ RunTime:0.007548s ]
[ 2011-11-11T20:39:37+08:00 ] SQL: SELECT * FROM `wt_leave_message_book` WHERE ( `book_id` = '1' ) [ RunTime:0.000491s ]
[ 2011-11-11T20:39:37+08:00 ] SQL: SHOW COLUMNS FROM `wt_user` [ RunTime:0.008263s ]
[ 2011-11-11T20:39:37+08:00 ] SQL: SELECT * FROM `wt_user` WHERE ( `user_id` = '12' ) [ RunTime:0.001004s ]
[ 2011-11-11T20:39:37+08:00 ] SQL: SELECT * FROM `wt_user` WHERE ( `user_id` = '17' ) [ RunTime:0.001010s ]
[ 2011-11-11T20:39:37+08:00 ] SQL: SELECT * FROM `wt_user` WHERE ( `user_id` = '14' ) [ RunTime:0.001561s ]
[ 2011-11-11T20:39:37+08:00 ] SQL: SELECT * FROM `wt_user` WHERE ( `user_id` = '15' ) [ RunTime:0.001016s ]
[ 2011-11-11T20:39:37+08:00 ] SQL: SELECT * FROM `wt_user` WHERE ( `user_id` = '1' ) [ RunTime:0.001585s ]
[ 2011-11-11T20:39:38+08:00 ] NOTIC: [2048] Declaration of ProductAction::error() should be compatible with that of Action::error() ProductAction.class.php 第 154 行.
