[ 2011-11-11T20:33:13+08:00 ] SQL: SHOW COLUMNS FROM `think_category` [ RunTime:0.091229s ]
[ 2011-11-11T20:33:13+08:00 ] SQL: SELECT * FROM `think_category` [ RunTime:0.001240s ]
[ 2011-11-11T20:33:13+08:00 ] SQL: SHOW COLUMNS FROM `think_blog` [ RunTime:0.086061s ]
[ 2011-11-11T20:33:13+08:00 ] SQL: SHOW COLUMNS FROM `think_comment` [ RunTime:0.041197s ]
[ 2011-11-11T20:33:13+08:00 ] SQL: SELECT * FROM `think_blog` WHERE status=1 ORDER BY cTime desc LIMIT 10  [ RunTime:0.001199s ]
[ 2011-11-11T20:33:13+08:00 ] SQL: SELECT * FROM `think_comment` WHERE status=1 ORDER BY id desc LIMIT 8  [ RunTime:0.014768s ]
[ 2011-11-11T20:33:13+08:00 ] SQL: SHOW COLUMNS FROM `think_tag` [ RunTime:0.038793s ]
[ 2011-11-11T20:33:13+08:00 ] SQL: SELECT id,name,count FROM `think_tag` WHERE module='Blog' ORDER BY count desc LIMIT 0,25  [ RunTime:0.031764s ]
[ 2011-11-11T20:33:13+08:00 ] SQL: SHOW COLUMNS FROM `think_blog` [ RunTime:0.006701s ]
[ 2011-11-11T20:33:13+08:00 ] SQL: SELECT MAX(cTime) AS tp_max FROM `think_blog` LIMIT 1  [ RunTime:0.010912s ]
[ 2011-11-11T20:33:13+08:00 ] SQL: SHOW COLUMNS FROM `think_blog` [ RunTime:0.010764s ]
[ 2011-11-11T20:33:13+08:00 ] SQL: SHOW COLUMNS FROM `think_category` [ RunTime:0.006884s ]
[ 2011-11-11T20:33:13+08:00 ] SQL: SELECT COUNT(*) AS tp_count FROM think_blog Blog  JOIN think_category Category ON Blog.categoryId=Category.id WHERE status=1 LIMIT 1  [ RunTime:0.013762s ]
[ 2011-11-11T20:33:13+08:00 ] SQL: SELECT Blog.id AS id,Blog.name AS name,Blog.title AS title,Blog.cTime AS cTime,Blog.categoryId AS categoryId,Blog.content AS content,Blog.readCount AS readCount,Blog.tags AS tags,Blog.commentCount AS commentCount,Blog.status AS status,Category.title AS category FROM think_blog Blog  JOIN think_category Category ON Blog.categoryId=Category.id ORDER BY Blog.cTime desc LIMIT 0,8  [ RunTime:0.015324s ]
[ 2011-11-11T20:33:13+08:00 ] SQL: SELECT MIN(cTime) AS tp_min FROM `think_blog` LIMIT 1  [ RunTime:0.001304s ]
[ 2011-11-11T20:33:13+08:00 ] SQL: SELECT COUNT(*) AS tp_count FROM `think_blog` WHERE status=1 LIMIT 1  [ RunTime:0.003231s ]
[ 2011-11-11T20:33:14+08:00 ] SQL: SELECT SUM(readCount) AS tp_sum FROM `think_blog` WHERE status=1 LIMIT 1  [ RunTime:0.026139s ]
[ 2011-11-11T20:33:14+08:00 ] SQL: SELECT SUM(commentCount) AS tp_sum FROM `think_blog` WHERE status=1 LIMIT 1  [ RunTime:0.000507s ]
[ 2011-11-11T20:33:14+08:00 ] SQL: SHOW COLUMNS FROM `think_blog` [ RunTime:0.007293s ]
[ 2011-11-11T20:33:14+08:00 ] SQL: SELECT COUNT(*) AS tp_count FROM `think_blog` WHERE categoryId='2' LIMIT 1  [ RunTime:0.000973s ]
[ 2011-11-11T20:33:14+08:00 ] SQL: SELECT COUNT(*) AS tp_count FROM `think_blog` WHERE categoryId='3' LIMIT 1  [ RunTime:0.000666s ]
[ 2011-11-11T20:33:14+08:00 ] SQL: SELECT COUNT(*) AS tp_count FROM `think_blog` WHERE categoryId='4' LIMIT 1  [ RunTime:0.001028s ]
