[ 2011-10-15T10:58:31+08:00 ] SQL: SHOW COLUMNS FROM `think_category` [ RunTime:0.051194s ]
[ 2011-10-15T10:58:31+08:00 ] SQL: SELECT * FROM `think_category` [ RunTime:0.000592s ]
[ 2011-10-15T10:58:31+08:00 ] SQL: SHOW COLUMNS FROM `think_blog` [ RunTime:0.030837s ]
[ 2011-10-15T10:58:31+08:00 ] SQL: SHOW COLUMNS FROM `think_comment` [ RunTime:0.142614s ]
[ 2011-10-15T10:58:31+08:00 ] SQL: SELECT * FROM `think_blog` WHERE status=1 ORDER BY cTime desc LIMIT 10  [ RunTime:0.125754s ]
[ 2011-10-15T10:58:31+08:00 ] SQL: SELECT * FROM `think_comment` WHERE status=1 ORDER BY id desc LIMIT 8  [ RunTime:0.040829s ]
[ 2011-10-15T10:58:31+08:00 ] SQL: SHOW COLUMNS FROM `think_tag` [ RunTime:0.070098s ]
[ 2011-10-15T10:58:32+08:00 ] SQL: SELECT id,name,count FROM `think_tag` WHERE module='Blog' ORDER BY count desc LIMIT 0,25  [ RunTime:0.183283s ]
[ 2011-10-15T10:58:32+08:00 ] SQL: SHOW COLUMNS FROM `think_blog` [ RunTime:0.008866s ]
[ 2011-10-15T10:58:32+08:00 ] SQL: SELECT MAX(cTime) AS tp_max FROM `think_blog` LIMIT 1  [ RunTime:0.022992s ]
[ 2011-10-15T10:58:32+08:00 ] SQL: SHOW COLUMNS FROM `think_blog` [ RunTime:0.006716s ]
[ 2011-10-15T10:58:32+08:00 ] SQL: SHOW COLUMNS FROM `think_category` [ RunTime:0.044412s ]
[ 2011-10-15T10:58:32+08:00 ] SQL: SELECT COUNT(*) AS tp_count FROM think_blog Blog  JOIN think_category Category ON Blog.categoryId=Category.id WHERE status=1 LIMIT 1  [ RunTime:0.001224s ]
[ 2011-10-15T10:58:32+08:00 ] SQL: SELECT Blog.id AS id,Blog.name AS name,Blog.title AS title,Blog.cTime AS cTime,Blog.categoryId AS categoryId,Blog.content AS content,Blog.readCount AS readCount,Blog.tags AS tags,Blog.commentCount AS commentCount,Blog.status AS status,Category.title AS category FROM think_blog Blog  JOIN think_category Category ON Blog.categoryId=Category.id ORDER BY Blog.cTime desc LIMIT 0,8  [ RunTime:0.025322s ]
[ 2011-10-15T10:58:32+08:00 ] SQL: SELECT MIN(cTime) AS tp_min FROM `think_blog` LIMIT 1  [ RunTime:0.000519s ]
[ 2011-10-15T10:58:32+08:00 ] SQL: SELECT COUNT(*) AS tp_count FROM `think_blog` WHERE status=1 LIMIT 1  [ RunTime:0.001099s ]
[ 2011-10-15T10:58:32+08:00 ] SQL: SELECT SUM(readCount) AS tp_sum FROM `think_blog` WHERE status=1 LIMIT 1  [ RunTime:0.022274s ]
[ 2011-10-15T10:58:32+08:00 ] SQL: SELECT SUM(commentCount) AS tp_sum FROM `think_blog` WHERE status=1 LIMIT 1  [ RunTime:0.000558s ]
[ 2011-10-15T10:58:32+08:00 ] SQL: SHOW COLUMNS FROM `think_blog` [ RunTime:0.008329s ]
[ 2011-10-15T10:58:32+08:00 ] SQL: SELECT COUNT(*) AS tp_count FROM `think_blog` WHERE categoryId='2' LIMIT 1  [ RunTime:0.029459s ]
[ 2011-10-15T10:58:32+08:00 ] SQL: SELECT COUNT(*) AS tp_count FROM `think_blog` WHERE categoryId='3' LIMIT 1  [ RunTime:0.000604s ]
[ 2011-10-15T10:58:32+08:00 ] SQL: SELECT COUNT(*) AS tp_count FROM `think_blog` WHERE categoryId='4' LIMIT 1  [ RunTime:0.000540s ]
[ 2011-10-15T10:59:25+08:00 ] SQL: SHOW COLUMNS FROM `think_category` [ RunTime:0.007745s ]
[ 2011-10-15T10:59:25+08:00 ] SQL: SELECT * FROM `think_category` [ RunTime:0.000728s ]
[ 2011-10-15T10:59:25+08:00 ] SQL: SHOW COLUMNS FROM `think_blog` [ RunTime:0.008685s ]
[ 2011-10-15T10:59:25+08:00 ] SQL: SHOW COLUMNS FROM `think_comment` [ RunTime:0.006812s ]
[ 2011-10-15T10:59:25+08:00 ] SQL: SELECT * FROM `think_blog` WHERE status=1 ORDER BY cTime desc LIMIT 10  [ RunTime:0.000877s ]
[ 2011-10-15T10:59:25+08:00 ] SQL: SELECT * FROM `think_comment` WHERE status=1 ORDER BY id desc LIMIT 8  [ RunTime:0.001091s ]
[ 2011-10-15T10:59:25+08:00 ] SQL: SHOW COLUMNS FROM `think_tag` [ RunTime:0.006606s ]
[ 2011-10-15T10:59:25+08:00 ] SQL: SELECT id,name,count FROM `think_tag` WHERE module='Blog' ORDER BY count desc LIMIT 0,25  [ RunTime:0.001291s ]
[ 2011-10-15T10:59:25+08:00 ] SQL: SHOW COLUMNS FROM `think_blog` [ RunTime:0.007887s ]
[ 2011-10-15T10:59:25+08:00 ] SQL: SHOW COLUMNS FROM `think_category` [ RunTime:0.005982s ]
[ 2011-10-15T10:59:25+08:00 ] SQL: SELECT COUNT(*) AS tp_count FROM think_blog Blog  JOIN think_category Category ON Blog.categoryId=Category.id WHERE status=1 LIMIT 1  [ RunTime:0.000353s ]
[ 2011-10-15T10:59:25+08:00 ] SQL: SELECT Blog.id AS id,Blog.name AS name,Blog.title AS title,Blog.cTime AS cTime,Blog.categoryId AS categoryId,Blog.content AS content,Blog.readCount AS readCount,Blog.tags AS tags,Blog.commentCount AS commentCount,Blog.status AS status,Category.title AS category FROM think_blog Blog  JOIN think_category Category ON Blog.categoryId=Category.id ORDER BY Blog.cTime desc LIMIT 0,8  [ RunTime:0.001032s ]
[ 2011-10-15T10:59:25+08:00 ] SQL: SHOW COLUMNS FROM `think_blog` [ RunTime:0.006675s ]
[ 2011-10-15T10:59:25+08:00 ] SQL: SELECT MIN(cTime) AS tp_min FROM `think_blog` LIMIT 1  [ RunTime:0.001367s ]
[ 2011-10-15T10:59:25+08:00 ] SQL: SELECT COUNT(*) AS tp_count FROM `think_blog` WHERE status=1 LIMIT 1  [ RunTime:0.000817s ]
[ 2011-10-15T10:59:25+08:00 ] SQL: SELECT SUM(readCount) AS tp_sum FROM `think_blog` WHERE status=1 LIMIT 1  [ RunTime:0.000649s ]
[ 2011-10-15T10:59:25+08:00 ] SQL: SELECT SUM(commentCount) AS tp_sum FROM `think_blog` WHERE status=1 LIMIT 1  [ RunTime:0.000715s ]
[ 2011-10-15T10:59:25+08:00 ] SQL: SHOW COLUMNS FROM `think_blog` [ RunTime:0.007545s ]
[ 2011-10-15T10:59:25+08:00 ] SQL: SELECT COUNT(*) AS tp_count FROM `think_blog` WHERE categoryId='2' LIMIT 1  [ RunTime:0.000500s ]
[ 2011-10-15T10:59:25+08:00 ] SQL: SELECT COUNT(*) AS tp_count FROM `think_blog` WHERE categoryId='3' LIMIT 1  [ RunTime:0.000474s ]
[ 2011-10-15T10:59:25+08:00 ] SQL: SELECT COUNT(*) AS tp_count FROM `think_blog` WHERE categoryId='4' LIMIT 1  [ RunTime:0.000502s ]
[ 2011-10-15T11:01:06+08:00 ] ERR: (ThinkException) 无法加载模块bolog
[ 2011-10-15T11:01:14+08:00 ] SQL: SHOW COLUMNS FROM `think_category` [ RunTime:0.005823s ]
[ 2011-10-15T11:01:14+08:00 ] SQL: SELECT * FROM `think_category` [ RunTime:0.000544s ]
[ 2011-10-15T11:01:14+08:00 ] SQL: SHOW COLUMNS FROM `think_blog` [ RunTime:0.007637s ]
[ 2011-10-15T11:01:14+08:00 ] SQL: SHOW COLUMNS FROM `think_comment` [ RunTime:0.006771s ]
[ 2011-10-15T11:01:14+08:00 ] SQL: SELECT * FROM `think_blog` WHERE status=1 ORDER BY cTime desc LIMIT 10  [ RunTime:0.000709s ]
[ 2011-10-15T11:01:14+08:00 ] SQL: SELECT * FROM `think_comment` WHERE status=1 ORDER BY id desc LIMIT 8  [ RunTime:0.000829s ]
[ 2011-10-15T11:01:14+08:00 ] SQL: SHOW COLUMNS FROM `think_tag` [ RunTime:0.008642s ]
[ 2011-10-15T11:01:14+08:00 ] SQL: SELECT id,name,count FROM `think_tag` WHERE module='Blog' ORDER BY count desc LIMIT 0,25  [ RunTime:0.001714s ]
[ 2011-10-15T11:01:14+08:00 ] SQL: SHOW COLUMNS FROM `think_blog` [ RunTime:0.007737s ]
[ 2011-10-15T11:01:14+08:00 ] SQL: SHOW COLUMNS FROM `think_category` [ RunTime:0.009081s ]
[ 2011-10-15T11:01:14+08:00 ] SQL: SELECT COUNT(*) AS tp_count FROM think_blog Blog  JOIN think_category Category ON Blog.categoryId=Category.id WHERE status=1 LIMIT 1  [ RunTime:0.000846s ]
[ 2011-10-15T11:01:14+08:00 ] SQL: SELECT Blog.id AS id,Blog.name AS name,Blog.title AS title,Blog.cTime AS cTime,Blog.categoryId AS categoryId,Blog.content AS content,Blog.readCount AS readCount,Blog.tags AS tags,Blog.commentCount AS commentCount,Blog.status AS status,Category.title AS category FROM think_blog Blog  JOIN think_category Category ON Blog.categoryId=Category.id ORDER BY Blog.cTime desc LIMIT 0,8  [ RunTime:0.000761s ]
[ 2011-10-15T11:01:14+08:00 ] SQL: SHOW COLUMNS FROM `think_blog` [ RunTime:0.007014s ]
[ 2011-10-15T11:01:14+08:00 ] SQL: SELECT MIN(cTime) AS tp_min FROM `think_blog` LIMIT 1  [ RunTime:0.000698s ]
[ 2011-10-15T11:01:14+08:00 ] SQL: SELECT COUNT(*) AS tp_count FROM `think_blog` WHERE status=1 LIMIT 1  [ RunTime:0.000566s ]
[ 2011-10-15T11:01:14+08:00 ] SQL: SELECT SUM(readCount) AS tp_sum FROM `think_blog` WHERE status=1 LIMIT 1  [ RunTime:0.000447s ]
[ 2011-10-15T11:01:14+08:00 ] SQL: SELECT SUM(commentCount) AS tp_sum FROM `think_blog` WHERE status=1 LIMIT 1  [ RunTime:0.000449s ]
[ 2011-10-15T11:01:15+08:00 ] SQL: SHOW COLUMNS FROM `think_blog` [ RunTime:0.005935s ]
[ 2011-10-15T11:01:15+08:00 ] SQL: SELECT COUNT(*) AS tp_count FROM `think_blog` WHERE categoryId='2' LIMIT 1  [ RunTime:0.000577s ]
[ 2011-10-15T11:01:15+08:00 ] SQL: SELECT COUNT(*) AS tp_count FROM `think_blog` WHERE categoryId='3' LIMIT 1  [ RunTime:0.000457s ]
[ 2011-10-15T11:01:15+08:00 ] SQL: SELECT COUNT(*) AS tp_count FROM `think_blog` WHERE categoryId='4' LIMIT 1  [ RunTime:0.000974s ]
[ 2011-10-15T11:01:40+08:00 ] SQL: SHOW COLUMNS FROM `think_category` [ RunTime:0.005517s ]
[ 2011-10-15T11:01:40+08:00 ] SQL: SELECT * FROM `think_category` [ RunTime:0.000710s ]
[ 2011-10-15T11:01:40+08:00 ] SQL: SHOW COLUMNS FROM `think_blog` [ RunTime:0.007952s ]
[ 2011-10-15T11:01:40+08:00 ] SQL: SHOW COLUMNS FROM `think_comment` [ RunTime:0.010526s ]
[ 2011-10-15T11:01:40+08:00 ] SQL: SELECT * FROM `think_blog` WHERE status=1 ORDER BY cTime desc LIMIT 10  [ RunTime:0.001932s ]
[ 2011-10-15T11:01:40+08:00 ] SQL: SELECT * FROM `think_comment` WHERE status=1 ORDER BY id desc LIMIT 8  [ RunTime:0.004274s ]
[ 2011-10-15T11:01:40+08:00 ] SQL: SHOW COLUMNS FROM `think_tag` [ RunTime:0.012371s ]
[ 2011-10-15T11:01:40+08:00 ] SQL: SELECT id,name,count FROM `think_tag` WHERE module='Blog' ORDER BY count desc LIMIT 0,25  [ RunTime:0.001783s ]
[ 2011-10-15T11:01:40+08:00 ] SQL: SHOW COLUMNS FROM `think_blog` [ RunTime:0.019675s ]
[ 2011-10-15T11:01:40+08:00 ] SQL: SHOW COLUMNS FROM `think_category` [ RunTime:0.009892s ]
[ 2011-10-15T11:01:40+08:00 ] SQL: SELECT COUNT(*) AS tp_count FROM think_blog Blog  JOIN think_category Category ON Blog.categoryId=Category.id WHERE status=1 LIMIT 1  [ RunTime:0.000385s ]
[ 2011-10-15T11:01:40+08:00 ] SQL: SELECT Blog.id AS id,Blog.name AS name,Blog.title AS title,Blog.cTime AS cTime,Blog.categoryId AS categoryId,Blog.content AS content,Blog.readCount AS readCount,Blog.tags AS tags,Blog.commentCount AS commentCount,Blog.status AS status,Category.title AS category FROM think_blog Blog  JOIN think_category Category ON Blog.categoryId=Category.id ORDER BY Blog.cTime desc LIMIT 0,8  [ RunTime:0.001405s ]
[ 2011-10-15T11:01:40+08:00 ] SQL: SHOW COLUMNS FROM `think_blog` [ RunTime:0.008903s ]
[ 2011-10-15T11:01:40+08:00 ] SQL: SELECT MIN(cTime) AS tp_min FROM `think_blog` LIMIT 1  [ RunTime:0.000734s ]
[ 2011-10-15T11:01:40+08:00 ] SQL: SELECT COUNT(*) AS tp_count FROM `think_blog` WHERE status=1 LIMIT 1  [ RunTime:0.000833s ]
[ 2011-10-15T11:01:40+08:00 ] SQL: SELECT SUM(readCount) AS tp_sum FROM `think_blog` WHERE status=1 LIMIT 1  [ RunTime:0.000789s ]
[ 2011-10-15T11:01:40+08:00 ] SQL: SELECT SUM(commentCount) AS tp_sum FROM `think_blog` WHERE status=1 LIMIT 1  [ RunTime:0.000797s ]
[ 2011-10-15T11:01:40+08:00 ] SQL: SHOW COLUMNS FROM `think_blog` [ RunTime:0.006559s ]
[ 2011-10-15T11:01:40+08:00 ] SQL: SELECT COUNT(*) AS tp_count FROM `think_blog` WHERE categoryId='2' LIMIT 1  [ RunTime:0.000688s ]
[ 2011-10-15T11:01:40+08:00 ] SQL: SELECT COUNT(*) AS tp_count FROM `think_blog` WHERE categoryId='3' LIMIT 1  [ RunTime:0.001077s ]
[ 2011-10-15T11:01:40+08:00 ] SQL: SELECT COUNT(*) AS tp_count FROM `think_blog` WHERE categoryId='4' LIMIT 1  [ RunTime:0.000791s ]
[ 2011-10-15T11:01:52+08:00 ] SQL: SHOW COLUMNS FROM `think_category` [ RunTime:0.005676s ]
[ 2011-10-15T11:01:52+08:00 ] SQL: SELECT * FROM `think_category` [ RunTime:0.000526s ]
[ 2011-10-15T11:01:52+08:00 ] SQL: SHOW COLUMNS FROM `think_blog` [ RunTime:0.006396s ]
[ 2011-10-15T11:01:52+08:00 ] SQL: SHOW COLUMNS FROM `think_comment` [ RunTime:0.007481s ]
[ 2011-10-15T11:01:52+08:00 ] SQL: SELECT * FROM `think_blog` WHERE status=1 ORDER BY cTime desc LIMIT 10  [ RunTime:0.000819s ]
[ 2011-10-15T11:01:52+08:00 ] SQL: SELECT * FROM `think_comment` WHERE status=1 ORDER BY id desc LIMIT 8  [ RunTime:0.000810s ]
[ 2011-10-15T11:01:52+08:00 ] SQL: SHOW COLUMNS FROM `think_tag` [ RunTime:0.005991s ]
[ 2011-10-15T11:01:52+08:00 ] SQL: SELECT id,name,count FROM `think_tag` WHERE module='Blog' ORDER BY count desc LIMIT 0,25  [ RunTime:0.000722s ]
[ 2011-10-15T11:01:52+08:00 ] SQL: SHOW COLUMNS FROM `think_blog` [ RunTime:0.007049s ]
[ 2011-10-15T11:01:52+08:00 ] SQL: SHOW COLUMNS FROM `think_category` [ RunTime:0.006983s ]
[ 2011-10-15T11:01:52+08:00 ] SQL: SELECT COUNT(*) AS tp_count FROM think_blog Blog  JOIN think_category Category ON Blog.categoryId=Category.id WHERE status=1 LIMIT 1  [ RunTime:0.000362s ]
[ 2011-10-15T11:01:52+08:00 ] SQL: SELECT Blog.id AS id,Blog.name AS name,Blog.title AS title,Blog.cTime AS cTime,Blog.categoryId AS categoryId,Blog.content AS content,Blog.readCount AS readCount,Blog.tags AS tags,Blog.commentCount AS commentCount,Blog.status AS status,Category.title AS category FROM think_blog Blog  JOIN think_category Category ON Blog.categoryId=Category.id ORDER BY Blog.cTime desc LIMIT 0,8  [ RunTime:0.002588s ]
[ 2011-10-15T11:01:52+08:00 ] SQL: SHOW COLUMNS FROM `think_blog` [ RunTime:0.008133s ]
[ 2011-10-15T11:01:52+08:00 ] SQL: SELECT MIN(cTime) AS tp_min FROM `think_blog` LIMIT 1  [ RunTime:0.000778s ]
[ 2011-10-15T11:01:52+08:00 ] SQL: SELECT COUNT(*) AS tp_count FROM `think_blog` WHERE status=1 LIMIT 1  [ RunTime:0.001161s ]
[ 2011-10-15T11:01:52+08:00 ] SQL: SELECT SUM(readCount) AS tp_sum FROM `think_blog` WHERE status=1 LIMIT 1  [ RunTime:0.000509s ]
[ 2011-10-15T11:01:52+08:00 ] SQL: SELECT SUM(commentCount) AS tp_sum FROM `think_blog` WHERE status=1 LIMIT 1  [ RunTime:0.000451s ]
[ 2011-10-15T11:01:52+08:00 ] SQL: SHOW COLUMNS FROM `think_blog` [ RunTime:0.008952s ]
[ 2011-10-15T11:01:52+08:00 ] SQL: SELECT COUNT(*) AS tp_count FROM `think_blog` WHERE categoryId='2' LIMIT 1  [ RunTime:0.000759s ]
[ 2011-10-15T11:01:52+08:00 ] SQL: SELECT COUNT(*) AS tp_count FROM `think_blog` WHERE categoryId='3' LIMIT 1  [ RunTime:0.000845s ]
[ 2011-10-15T11:01:52+08:00 ] SQL: SELECT COUNT(*) AS tp_count FROM `think_blog` WHERE categoryId='4' LIMIT 1  [ RunTime:0.000812s ]
[ 2011-10-15T11:05:41+08:00 ] ERR: (ThinkException) 非法操作blog
[ 2011-10-15T11:05:46+08:00 ] SQL: SHOW COLUMNS FROM `think_category` [ RunTime:0.006129s ]
[ 2011-10-15T11:05:46+08:00 ] SQL: SELECT * FROM `think_category` [ RunTime:0.000562s ]
[ 2011-10-15T11:05:46+08:00 ] SQL: SHOW COLUMNS FROM `think_blog` [ RunTime:0.008038s ]
[ 2011-10-15T11:05:46+08:00 ] SQL: SHOW COLUMNS FROM `think_comment` [ RunTime:0.007207s ]
[ 2011-10-15T11:05:46+08:00 ] SQL: SELECT * FROM `think_blog` WHERE status=1 ORDER BY cTime desc LIMIT 10  [ RunTime:0.000739s ]
[ 2011-10-15T11:05:46+08:00 ] SQL: SELECT * FROM `think_comment` WHERE status=1 ORDER BY id desc LIMIT 8  [ RunTime:0.001009s ]
[ 2011-10-15T11:05:46+08:00 ] SQL: SHOW COLUMNS FROM `think_tag` [ RunTime:0.006237s ]
[ 2011-10-15T11:05:46+08:00 ] SQL: SELECT id,name,count FROM `think_tag` WHERE module='Blog' ORDER BY count desc LIMIT 0,25  [ RunTime:0.000650s ]
[ 2011-10-15T11:05:46+08:00 ] SQL: SHOW COLUMNS FROM `think_blog` [ RunTime:0.007291s ]
[ 2011-10-15T11:05:46+08:00 ] SQL: SHOW COLUMNS FROM `think_category` [ RunTime:0.007061s ]
[ 2011-10-15T11:05:46+08:00 ] SQL: SELECT COUNT(*) AS tp_count FROM think_blog Blog  JOIN think_category Category ON Blog.categoryId=Category.id WHERE status=1 LIMIT 1  [ RunTime:0.000351s ]
[ 2011-10-15T11:05:46+08:00 ] SQL: SELECT Blog.id AS id,Blog.name AS name,Blog.title AS title,Blog.cTime AS cTime,Blog.categoryId AS categoryId,Blog.content AS content,Blog.readCount AS readCount,Blog.tags AS tags,Blog.commentCount AS commentCount,Blog.status AS status,Category.title AS category FROM think_blog Blog  JOIN think_category Category ON Blog.categoryId=Category.id ORDER BY Blog.cTime desc LIMIT 0,8  [ RunTime:0.001008s ]
[ 2011-10-15T11:05:46+08:00 ] SQL: SHOW COLUMNS FROM `think_blog` [ RunTime:0.006454s ]
[ 2011-10-15T11:05:46+08:00 ] SQL: SELECT MIN(cTime) AS tp_min FROM `think_blog` LIMIT 1  [ RunTime:0.000488s ]
[ 2011-10-15T11:05:46+08:00 ] SQL: SELECT COUNT(*) AS tp_count FROM `think_blog` WHERE status=1 LIMIT 1  [ RunTime:0.000442s ]
[ 2011-10-15T11:05:46+08:00 ] SQL: SELECT SUM(readCount) AS tp_sum FROM `think_blog` WHERE status=1 LIMIT 1  [ RunTime:0.000488s ]
[ 2011-10-15T11:05:46+08:00 ] SQL: SELECT SUM(commentCount) AS tp_sum FROM `think_blog` WHERE status=1 LIMIT 1  [ RunTime:0.000850s ]
[ 2011-10-15T11:05:46+08:00 ] SQL: SHOW COLUMNS FROM `think_blog` [ RunTime:0.007305s ]
[ 2011-10-15T11:05:46+08:00 ] SQL: SELECT COUNT(*) AS tp_count FROM `think_blog` WHERE categoryId='2' LIMIT 1  [ RunTime:0.002704s ]
[ 2011-10-15T11:05:46+08:00 ] SQL: SELECT COUNT(*) AS tp_count FROM `think_blog` WHERE categoryId='3' LIMIT 1  [ RunTime:0.001342s ]
[ 2011-10-15T11:05:46+08:00 ] SQL: SELECT COUNT(*) AS tp_count FROM `think_blog` WHERE categoryId='4' LIMIT 1  [ RunTime:0.000819s ]
[ 2011-10-15T12:01:42+08:00 ] SQL: SHOW COLUMNS FROM `think_category` [ RunTime:0.012652s ]
[ 2011-10-15T12:01:42+08:00 ] SQL: SELECT * FROM `think_category` [ RunTime:0.009876s ]
[ 2011-10-15T12:01:42+08:00 ] SQL: SHOW COLUMNS FROM `think_blog` [ RunTime:0.014396s ]
[ 2011-10-15T12:01:42+08:00 ] SQL: SHOW COLUMNS FROM `think_comment` [ RunTime:0.015206s ]
[ 2011-10-15T12:01:42+08:00 ] SQL: SELECT * FROM `think_blog` WHERE status=1 ORDER BY cTime desc LIMIT 10  [ RunTime:0.001363s ]
[ 2011-10-15T12:01:42+08:00 ] SQL: SELECT * FROM `think_comment` WHERE status=1 ORDER BY id desc LIMIT 8  [ RunTime:0.003919s ]
[ 2011-10-15T12:01:42+08:00 ] SQL: SHOW COLUMNS FROM `think_tag` [ RunTime:0.010064s ]
[ 2011-10-15T12:01:42+08:00 ] SQL: SELECT id,name,count FROM `think_tag` WHERE module='Blog' ORDER BY count desc LIMIT 0,25  [ RunTime:0.001678s ]
[ 2011-10-15T12:01:42+08:00 ] SQL: SHOW COLUMNS FROM `think_blog` [ RunTime:0.013484s ]
[ 2011-10-15T12:01:42+08:00 ] SQL: SHOW COLUMNS FROM `think_category` [ RunTime:0.010888s ]
[ 2011-10-15T12:01:42+08:00 ] SQL: SELECT COUNT(*) AS tp_count FROM think_blog Blog  JOIN think_category Category ON Blog.categoryId=Category.id WHERE status=1 LIMIT 1  [ RunTime:0.000744s ]
[ 2011-10-15T12:01:42+08:00 ] SQL: SELECT Blog.id AS id,Blog.name AS name,Blog.title AS title,Blog.cTime AS cTime,Blog.categoryId AS categoryId,Blog.content AS content,Blog.readCount AS readCount,Blog.tags AS tags,Blog.commentCount AS commentCount,Blog.status AS status,Category.title AS category FROM think_blog Blog  JOIN think_category Category ON Blog.categoryId=Category.id ORDER BY Blog.cTime desc LIMIT 0,8  [ RunTime:0.006908s ]
[ 2011-10-15T12:01:42+08:00 ] SQL: SHOW COLUMNS FROM `think_blog` [ RunTime:0.009374s ]
[ 2011-10-15T12:01:42+08:00 ] SQL: SELECT MIN(cTime) AS tp_min FROM `think_blog` LIMIT 1  [ RunTime:0.000705s ]
[ 2011-10-15T12:01:42+08:00 ] SQL: SELECT COUNT(*) AS tp_count FROM `think_blog` WHERE status=1 LIMIT 1  [ RunTime:0.000922s ]
[ 2011-10-15T12:01:42+08:00 ] SQL: SELECT SUM(readCount) AS tp_sum FROM `think_blog` WHERE status=1 LIMIT 1  [ RunTime:0.002184s ]
[ 2011-10-15T12:01:42+08:00 ] SQL: SELECT SUM(commentCount) AS tp_sum FROM `think_blog` WHERE status=1 LIMIT 1  [ RunTime:0.001303s ]
[ 2011-10-15T12:01:42+08:00 ] SQL: SHOW COLUMNS FROM `think_blog` [ RunTime:0.010550s ]
[ 2011-10-15T12:01:42+08:00 ] SQL: SELECT COUNT(*) AS tp_count FROM `think_blog` WHERE categoryId='2' LIMIT 1  [ RunTime:0.001177s ]
[ 2011-10-15T12:01:42+08:00 ] SQL: SELECT COUNT(*) AS tp_count FROM `think_blog` WHERE categoryId='3' LIMIT 1  [ RunTime:0.000695s ]
[ 2011-10-15T12:01:42+08:00 ] SQL: SELECT COUNT(*) AS tp_count FROM `think_blog` WHERE categoryId='4' LIMIT 1  [ RunTime:0.000676s ]
[ 2011-10-15T14:35:59+08:00 ] ERR: (ThinkException) 非法操作blog
