[ 2011-10-05T10:22:33+08:00 ] SQL: SHOW COLUMNS FROM `think_category` [ RunTime:0.028978s ]
[ 2011-10-05T10:22:33+08:00 ] SQL: SELECT * FROM `think_category` [ RunTime:0.000881s ]
[ 2011-10-05T10:22:33+08:00 ] SQL: SHOW COLUMNS FROM `think_blog` [ RunTime:0.035289s ]
[ 2011-10-05T10:22:33+08:00 ] SQL: SHOW COLUMNS FROM `think_comment` [ RunTime:0.021290s ]
[ 2011-10-05T10:22:33+08:00 ] SQL: SELECT * FROM `think_blog` WHERE status=1 ORDER BY cTime desc LIMIT 10  [ RunTime:0.001279s ]
[ 2011-10-05T10:22:33+08:00 ] SQL: SELECT * FROM `think_comment` WHERE status=1 ORDER BY id desc LIMIT 8  [ RunTime:0.011719s ]
[ 2011-10-05T10:22:33+08:00 ] SQL: SHOW COLUMNS FROM `think_tag` [ RunTime:0.020486s ]
[ 2011-10-05T10:22:33+08:00 ] SQL: SELECT id,name,count FROM `think_tag` WHERE module='Blog' ORDER BY count desc LIMIT 0,25  [ RunTime:0.001058s ]
[ 2011-10-05T10:22:33+08:00 ] SQL: SHOW COLUMNS FROM `think_blog` [ RunTime:0.007814s ]
[ 2011-10-05T10:22:33+08:00 ] SQL: SELECT MAX(cTime) AS tp_max FROM `think_blog` LIMIT 1  [ RunTime:0.027220s ]
[ 2011-10-05T10:22:33+08:00 ] SQL: SHOW COLUMNS FROM `think_blog` [ RunTime:0.007103s ]
[ 2011-10-05T10:22:33+08:00 ] SQL: SHOW COLUMNS FROM `think_category` [ RunTime:0.010196s ]
[ 2011-10-05T10:22:33+08:00 ] SQL: SELECT COUNT(*) AS tp_count FROM think_blog Blog  JOIN think_category Category ON Blog.categoryId=Category.id WHERE status=1 LIMIT 1  [ RunTime:0.000989s ]
[ 2011-10-05T10:22:33+08:00 ] SQL: SELECT Blog.id AS id,Blog.name AS name,Blog.title AS title,Blog.cTime AS cTime,Blog.categoryId AS categoryId,Blog.content AS content,Blog.readCount AS readCount,Blog.tags AS tags,Blog.commentCount AS commentCount,Blog.status AS status,Category.title AS category FROM think_blog Blog  JOIN think_category Category ON Blog.categoryId=Category.id ORDER BY Blog.cTime desc LIMIT 0,8  [ RunTime:0.009826s ]
[ 2011-10-05T10:22:33+08:00 ] SQL: SELECT MIN(cTime) AS tp_min FROM `think_blog` LIMIT 1  [ RunTime:0.000751s ]
[ 2011-10-05T10:22:33+08:00 ] SQL: SELECT COUNT(*) AS tp_count FROM `think_blog` WHERE status=1 LIMIT 1  [ RunTime:0.000653s ]
[ 2011-10-05T10:22:33+08:00 ] SQL: SELECT SUM(readCount) AS tp_sum FROM `think_blog` WHERE status=1 LIMIT 1  [ RunTime:0.005088s ]
[ 2011-10-05T10:22:33+08:00 ] SQL: SELECT SUM(commentCount) AS tp_sum FROM `think_blog` WHERE status=1 LIMIT 1  [ RunTime:0.000665s ]
[ 2011-10-05T10:22:33+08:00 ] SQL: SHOW COLUMNS FROM `think_blog` [ RunTime:0.008705s ]
[ 2011-10-05T10:22:33+08:00 ] SQL: SELECT COUNT(*) AS tp_count FROM `think_blog` WHERE categoryId='1' LIMIT 1  [ RunTime:0.000799s ]
[ 2011-10-05T10:22:33+08:00 ] SQL: SELECT COUNT(*) AS tp_count FROM `think_blog` WHERE categoryId='2' LIMIT 1  [ RunTime:0.000637s ]
[ 2011-10-05T10:22:33+08:00 ] SQL: SELECT COUNT(*) AS tp_count FROM `think_blog` WHERE categoryId='3' LIMIT 1  [ RunTime:0.000680s ]
[ 2011-10-05T10:22:49+08:00 ] SQL: SHOW COLUMNS FROM `think_category` [ RunTime:0.009312s ]
[ 2011-10-05T10:22:53+08:00 ] SQL: SHOW COLUMNS FROM `think_category` [ RunTime:0.011557s ]
[ 2011-10-05T10:22:53+08:00 ] SQL: INSERT INTO `think_category` (`title`) VALUES ('11') [ RunTime:0.030138s ]
[ 2011-10-05T10:22:55+08:00 ] SQL: SHOW COLUMNS FROM `think_category` [ RunTime:0.006308s ]
[ 2011-10-05T10:22:55+08:00 ] SQL: DELETE FROM `think_category` WHERE ( `id` = '1' ) [ RunTime:0.018723s ]
[ 2011-10-05T10:22:57+08:00 ] SQL: SHOW COLUMNS FROM `think_category` [ RunTime:0.006276s ]
[ 2011-10-05T10:22:57+08:00 ] SQL: SELECT * FROM `think_category` [ RunTime:0.001553s ]
[ 2011-10-05T10:22:57+08:00 ] SQL: SHOW COLUMNS FROM `think_blog` [ RunTime:0.007252s ]
[ 2011-10-05T10:22:57+08:00 ] SQL: SHOW COLUMNS FROM `think_comment` [ RunTime:0.007493s ]
[ 2011-10-05T10:22:57+08:00 ] SQL: SELECT * FROM `think_blog` WHERE status=1 ORDER BY cTime desc LIMIT 10  [ RunTime:0.001736s ]
[ 2011-10-05T10:22:57+08:00 ] SQL: SELECT * FROM `think_comment` WHERE status=1 ORDER BY id desc LIMIT 8  [ RunTime:0.001193s ]
[ 2011-10-05T10:22:57+08:00 ] SQL: SHOW COLUMNS FROM `think_tag` [ RunTime:0.006819s ]
[ 2011-10-05T10:22:57+08:00 ] SQL: SELECT id,name,count FROM `think_tag` WHERE module='Blog' ORDER BY count desc LIMIT 0,25  [ RunTime:0.000726s ]
[ 2011-10-05T10:22:57+08:00 ] SQL: SELECT `title` FROM `think_category` WHERE id=2 LIMIT 1  [ RunTime:0.000608s ]
[ 2011-10-05T10:22:57+08:00 ] SQL: SHOW COLUMNS FROM `think_blog` [ RunTime:0.007318s ]
[ 2011-10-05T10:22:57+08:00 ] SQL: SHOW COLUMNS FROM `think_category` [ RunTime:0.006646s ]
[ 2011-10-05T10:22:57+08:00 ] SQL: SELECT COUNT(*) AS tp_count FROM think_blog Blog  JOIN think_category Category ON Blog.categoryId=Category.id WHERE categoryId=2 LIMIT 1  [ RunTime:0.000569s ]
[ 2011-10-05T10:22:57+08:00 ] SQL: SELECT Blog.id AS id,Blog.name AS name,Blog.title AS title,Blog.cTime AS cTime,Blog.categoryId AS categoryId,Blog.content AS content,Blog.readCount AS readCount,Blog.tags AS tags,Blog.commentCount AS commentCount,Blog.status AS status,Category.title AS category FROM think_blog Blog  JOIN think_category Category ON Blog.categoryId=Category.id WHERE categoryId=2 LIMIT 0,5  [ RunTime:0.000651s ]
[ 2011-10-05T10:22:57+08:00 ] SQL: SHOW COLUMNS FROM `think_blog` [ RunTime:0.019290s ]
[ 2011-10-05T10:22:57+08:00 ] SQL: SELECT COUNT(*) AS tp_count FROM `think_blog` WHERE categoryId='2' LIMIT 1  [ RunTime:0.000523s ]
[ 2011-10-05T10:22:57+08:00 ] SQL: SELECT COUNT(*) AS tp_count FROM `think_blog` WHERE categoryId='3' LIMIT 1  [ RunTime:0.000508s ]
[ 2011-10-05T10:22:57+08:00 ] SQL: SELECT COUNT(*) AS tp_count FROM `think_blog` WHERE categoryId='4' LIMIT 1  [ RunTime:0.000470s ]
[ 2011-10-05T16:12:48+08:00 ] SQL: SHOW COLUMNS FROM `think_category` [ RunTime:0.006914s ]
[ 2011-10-05T16:12:48+08:00 ] SQL: SELECT * FROM `think_category` [ RunTime:0.001175s ]
[ 2011-10-05T16:12:48+08:00 ] SQL: SHOW COLUMNS FROM `think_blog` [ RunTime:0.009320s ]
[ 2011-10-05T16:12:48+08:00 ] SQL: SHOW COLUMNS FROM `think_comment` [ RunTime:0.007673s ]
[ 2011-10-05T16:12:48+08:00 ] SQL: SELECT * FROM `think_blog` WHERE status=1 ORDER BY cTime desc LIMIT 10  [ RunTime:0.031304s ]
[ 2011-10-05T16:12:48+08:00 ] SQL: SELECT * FROM `think_comment` WHERE status=1 ORDER BY id desc LIMIT 8  [ RunTime:0.001396s ]
[ 2011-10-05T16:12:48+08:00 ] SQL: SHOW COLUMNS FROM `think_tag` [ RunTime:0.013647s ]
[ 2011-10-05T16:12:48+08:00 ] SQL: SELECT id,name,count FROM `think_tag` WHERE module='Blog' ORDER BY count desc LIMIT 0,25  [ RunTime:0.056981s ]
[ 2011-10-05T16:12:48+08:00 ] SQL: SHOW COLUMNS FROM `think_blog` [ RunTime:0.006306s ]
[ 2011-10-05T16:12:48+08:00 ] SQL: SHOW COLUMNS FROM `think_category` [ RunTime:0.005804s ]
[ 2011-10-05T16:12:48+08:00 ] SQL: SELECT COUNT(*) AS tp_count FROM think_blog Blog  JOIN think_category Category ON Blog.categoryId=Category.id WHERE status=1 LIMIT 1  [ RunTime:0.000634s ]
[ 2011-10-05T16:12:48+08:00 ] SQL: SELECT Blog.id AS id,Blog.name AS name,Blog.title AS title,Blog.cTime AS cTime,Blog.categoryId AS categoryId,Blog.content AS content,Blog.readCount AS readCount,Blog.tags AS tags,Blog.commentCount AS commentCount,Blog.status AS status,Category.title AS category FROM think_blog Blog  JOIN think_category Category ON Blog.categoryId=Category.id ORDER BY Blog.cTime desc LIMIT 0,8  [ RunTime:0.000819s ]
[ 2011-10-05T16:12:48+08:00 ] SQL: SHOW COLUMNS FROM `think_blog` [ RunTime:0.007000s ]
[ 2011-10-05T16:12:48+08:00 ] SQL: SELECT MIN(cTime) AS tp_min FROM `think_blog` LIMIT 1  [ RunTime:0.004687s ]
[ 2011-10-05T16:12:48+08:00 ] SQL: SELECT COUNT(*) AS tp_count FROM `think_blog` WHERE status=1 LIMIT 1  [ RunTime:0.000835s ]
[ 2011-10-05T16:12:48+08:00 ] SQL: SELECT SUM(readCount) AS tp_sum FROM `think_blog` WHERE status=1 LIMIT 1  [ RunTime:0.006965s ]
[ 2011-10-05T16:12:48+08:00 ] SQL: SELECT SUM(commentCount) AS tp_sum FROM `think_blog` WHERE status=1 LIMIT 1  [ RunTime:0.000561s ]
[ 2011-10-05T16:12:48+08:00 ] SQL: SHOW COLUMNS FROM `think_blog` [ RunTime:0.008052s ]
[ 2011-10-05T16:12:48+08:00 ] SQL: SELECT COUNT(*) AS tp_count FROM `think_blog` WHERE categoryId='2' LIMIT 1  [ RunTime:0.004258s ]
[ 2011-10-05T16:12:48+08:00 ] SQL: SELECT COUNT(*) AS tp_count FROM `think_blog` WHERE categoryId='3' LIMIT 1  [ RunTime:0.000939s ]
[ 2011-10-05T16:12:48+08:00 ] SQL: SELECT COUNT(*) AS tp_count FROM `think_blog` WHERE categoryId='4' LIMIT 1  [ RunTime:0.000790s ]
