[ 2011-10-05T09:09:25+08:00 ] SQL: SHOW COLUMNS FROM `think_form` [ RunTime:0.006725s ]
[ 2011-10-05T09:09:25+08:00 ] SQL: SELECT * FROM `think_form` ORDER BY id desc LIMIT 6  [ RunTime:0.001053s ]
[ 2011-10-05T09:09:32+08:00 ] SQL: SHOW COLUMNS FROM `think_form` [ RunTime:0.008003s ]
[ 2011-10-05T09:09:32+08:00 ] SQL: SELECT * FROM `think_form` ORDER BY id desc LIMIT 6  [ RunTime:0.000660s ]
[ 2011-10-05T09:50:41+08:00 ] SQL: SHOW COLUMNS FROM `think_form` [ RunTime:0.009799s ]
[ 2011-10-05T09:50:41+08:00 ] SQL: SELECT * FROM `think_form` ORDER BY id desc LIMIT 6  [ RunTime:0.001172s ]
[ 2011-10-05T09:50:44+08:00 ] SQL: SHOW COLUMNS FROM `think_form` [ RunTime:0.011162s ]
[ 2011-10-05T09:50:44+08:00 ] SQL: SELECT * FROM `think_form` ORDER BY id desc LIMIT 6  [ RunTime:0.002963s ]
[ 2011-10-05T10:09:09+08:00 ] SQL: SHOW COLUMNS FROM `think_form` [ RunTime:0.010203s ]
[ 2011-10-05T10:09:09+08:00 ] SQL: SELECT * FROM `think_form` ORDER BY id desc LIMIT 6  [ RunTime:0.000910s ]
[ 2011-10-05T10:23:14+08:00 ] SQL: SHOW COLUMNS FROM `think_form` [ RunTime:0.011528s ]
[ 2011-10-05T10:23:14+08:00 ] SQL: SELECT * FROM `think_form` ORDER BY id desc LIMIT 6  [ RunTime:0.000881s ]
[ 2011-10-05T10:23:17+08:00 ] SQL: SHOW COLUMNS FROM `think_form` [ RunTime:0.006914s ]
[ 2011-10-05T10:23:17+08:00 ] SQL: SELECT * FROM `think_form` ORDER BY id desc LIMIT 6  [ RunTime:0.000854s ]
[ 2011-10-05T10:23:26+08:00 ] SQL: SHOW COLUMNS FROM `think_form` [ RunTime:0.006597s ]
[ 2011-10-05T10:23:26+08:00 ] SQL: SELECT * FROM `think_form` ORDER BY id desc LIMIT 6  [ RunTime:0.000804s ]
[ 2011-10-05T10:23:56+08:00 ] SQL: SHOW COLUMNS FROM `think_form` [ RunTime:0.007624s ]
[ 2011-10-05T10:23:56+08:00 ] SQL: SELECT * FROM `think_form` ORDER BY id desc LIMIT 6  [ RunTime:0.000733s ]
[ 2011-10-05T11:14:48+08:00 ] SQL: SHOW COLUMNS FROM `think_form` [ RunTime:0.005544s ]
[ 2011-10-05T11:14:48+08:00 ] SQL: SELECT * FROM `think_form` ORDER BY id desc LIMIT 6  [ RunTime:0.000731s ]
[ 2011-10-05T11:17:27+08:00 ] SQL: SHOW COLUMNS FROM `think_form` [ RunTime:0.035263s ]
[ 2011-10-05T11:17:27+08:00 ] SQL: SELECT * FROM `think_form` ORDER BY id desc LIMIT 6  [ RunTime:0.000997s ]
[ 2011-10-05T11:45:52+08:00 ] SQL: SHOW COLUMNS FROM `think_form` [ RunTime:0.006964s ]
[ 2011-10-05T11:45:52+08:00 ] SQL: SELECT * FROM `think_form` ORDER BY id desc LIMIT 6  [ RunTime:0.000918s ]
[ 2011-10-05T11:46:02+08:00 ] SQL: SHOW COLUMNS FROM `think_form` [ RunTime:0.006004s ]
[ 2011-10-05T11:46:02+08:00 ] SQL: SELECT * FROM `think_form` WHERE ( `title` = '66' ) LIMIT 1  [ RunTime:0.011129s ]
[ 2011-10-05T11:46:02+08:00 ] NOTIC: [8] Undefined offset: 3 Model.class.php 第 864 行.
[ 2011-10-05T11:46:02+08:00 ] SQL: INSERT INTO `think_form` (`title`,`content`,`email`,`status`,`create_time`) VALUES ('66','66','','1',1317786362) [ RunTime:0.001179s ]
[ 2011-10-05T11:46:03+08:00 ] SQL: SHOW COLUMNS FROM `think_form` [ RunTime:0.020971s ]
[ 2011-10-05T11:46:03+08:00 ] SQL: SELECT * FROM `think_form` ORDER BY id desc LIMIT 6  [ RunTime:0.000848s ]
[ 2011-10-05T11:46:40+08:00 ] SQL: SHOW COLUMNS FROM `think_form` [ RunTime:0.015113s ]
[ 2011-10-05T11:46:40+08:00 ] SQL: SELECT * FROM `think_form` ORDER BY id desc LIMIT 6  [ RunTime:0.001207s ]
[ 2011-10-05T11:48:07+08:00 ] SQL: SHOW COLUMNS FROM `think_form` [ RunTime:0.023426s ]
[ 2011-10-05T11:48:07+08:00 ] SQL: SELECT * FROM `think_form` ORDER BY id desc LIMIT 6  [ RunTime:0.000871s ]
[ 2011-10-05T11:49:57+08:00 ] SQL: SHOW COLUMNS FROM `think_form` [ RunTime:0.010767s ]
[ 2011-10-05T11:49:57+08:00 ] SQL: SELECT * FROM `think_form` ORDER BY id desc LIMIT 6  [ RunTime:0.007919s ]
[ 2011-10-05T11:50:03+08:00 ] SQL: SHOW COLUMNS FROM `think_form` [ RunTime:0.006747s ]
[ 2011-10-05T11:50:03+08:00 ] SQL: SELECT * FROM `think_form` ORDER BY id desc LIMIT 6  [ RunTime:0.001180s ]
[ 2011-10-05T11:52:10+08:00 ] SQL: SHOW COLUMNS FROM `think_index` [ RunTime:0.017953s ]
[ 2011-10-05T11:52:10+08:00 ] SQL: SELECT * FROM `think_index` ORDER BY id desc LIMIT 6  [ RunTime:0.001586s ]
[ 2011-10-05T11:52:14+08:00 ] SQL: SHOW COLUMNS FROM `think_index` [ RunTime:0.005206s ]
[ 2011-10-05T11:52:14+08:00 ] SQL: SELECT * FROM `think_index` ORDER BY id desc LIMIT 6  [ RunTime:0.000868s ]
[ 2011-10-05T11:52:22+08:00 ] SQL: SHOW COLUMNS FROM `think_form` [ RunTime:0.007632s ]
[ 2011-10-05T11:52:22+08:00 ] SQL: SELECT * FROM `think_form` ORDER BY id desc LIMIT 6  [ RunTime:0.000871s ]
[ 2011-10-05T11:52:24+08:00 ] SQL: SHOW COLUMNS FROM `think_form` [ RunTime:0.006382s ]
[ 2011-10-05T11:52:24+08:00 ] SQL: SELECT * FROM `think_form` ORDER BY id desc LIMIT 6  [ RunTime:0.001040s ]
[ 2011-10-05T13:25:08+08:00 ] SQL: SHOW COLUMNS FROM `think_form` [ RunTime:0.007668s ]
[ 2011-10-05T13:25:08+08:00 ] SQL: SELECT * FROM `think_form` ORDER BY id desc LIMIT 6  [ RunTime:0.000750s ]
[ 2011-10-05T13:25:12+08:00 ] SQL: SHOW COLUMNS FROM `think_form` [ RunTime:0.006607s ]
[ 2011-10-05T13:25:12+08:00 ] SQL: SELECT * FROM `think_form` ORDER BY id desc LIMIT 6  [ RunTime:0.001638s ]
[ 2011-10-05T14:30:47+08:00 ] SQL: SHOW COLUMNS FROM `think_form` [ RunTime:0.011478s ]
[ 2011-10-05T14:30:47+08:00 ] SQL: SELECT * FROM `think_form` WHERE ( `title` = '1' ) LIMIT 1  [ RunTime:0.000840s ]
[ 2011-10-05T14:30:47+08:00 ] NOTIC: [8] Undefined offset: 3 Model.class.php 第 864 行.
[ 2011-10-05T14:30:47+08:00 ] SQL: INSERT INTO `think_form` (`title`,`content`,`email`,`status`,`create_time`) VALUES ('1','2','','1',1317796247) [ RunTime:0.086736s ]
[ 2011-10-05T14:30:49+08:00 ] SQL: SHOW COLUMNS FROM `think_form` [ RunTime:0.010915s ]
[ 2011-10-05T14:30:49+08:00 ] SQL: SELECT * FROM `think_form` ORDER BY id desc LIMIT 6  [ RunTime:0.005153s ]
[ 2011-10-05T14:41:38+08:00 ] SQL: SHOW COLUMNS FROM `think_form` [ RunTime:0.009984s ]
[ 2011-10-05T14:41:38+08:00 ] SQL: SELECT * FROM `think_form` ORDER BY id desc LIMIT 6  [ RunTime:0.008740s ]
[ 2011-10-05T14:42:08+08:00 ] SQL: SHOW COLUMNS FROM `think_form` [ RunTime:0.010002s ]
[ 2011-10-05T14:42:08+08:00 ] SQL: SELECT * FROM `think_form` ORDER BY id desc LIMIT 6  [ RunTime:0.001332s ]
[ 2011-10-05T14:42:13+08:00 ] SQL: SHOW COLUMNS FROM `think_form` [ RunTime:0.014037s ]
[ 2011-10-05T14:42:13+08:00 ] SQL: SELECT * FROM `think_form` WHERE ( `title` = '3' ) LIMIT 1  [ RunTime:0.000967s ]
[ 2011-10-05T14:42:13+08:00 ] NOTIC: [8] Undefined offset: 3 Model.class.php 第 864 行.
[ 2011-10-05T14:42:13+08:00 ] SQL: INSERT INTO `think_form` (`title`,`content`,`email`,`status`,`create_time`) VALUES ('3','','','1',1317796933) [ RunTime:0.002030s ]
[ 2011-10-05T14:42:14+08:00 ] SQL: SHOW COLUMNS FROM `think_form` [ RunTime:0.005832s ]
[ 2011-10-05T14:42:14+08:00 ] SQL: SELECT * FROM `think_form` ORDER BY id desc LIMIT 6  [ RunTime:0.000739s ]
[ 2011-10-05T15:06:30+08:00 ] SQL: SHOW COLUMNS FROM `think_form` [ RunTime:0.018345s ]
[ 2011-10-05T15:06:30+08:00 ] SQL: SELECT * FROM `think_form` ORDER BY id desc LIMIT 6  [ RunTime:0.001059s ]
[ 2011-10-05T15:06:31+08:00 ] SQL: SHOW COLUMNS FROM `think_form` [ RunTime:0.009853s ]
[ 2011-10-05T15:06:31+08:00 ] SQL: SELECT * FROM `think_form` ORDER BY id desc LIMIT 6  [ RunTime:0.001309s ]
[ 2011-10-05T15:10:37+08:00 ] SQL: SHOW COLUMNS FROM `think_form` [ RunTime:0.013889s ]
[ 2011-10-05T15:10:37+08:00 ] SQL: SELECT * FROM `think_form` ORDER BY id desc LIMIT 6  [ RunTime:0.001092s ]
[ 2011-10-05T15:10:39+08:00 ] SQL: SHOW COLUMNS FROM `think_form` [ RunTime:0.011033s ]
[ 2011-10-05T15:10:39+08:00 ] SQL: SELECT * FROM `think_form` ORDER BY id desc LIMIT 6  [ RunTime:0.004715s ]
[ 2011-10-05T15:12:16+08:00 ] SQL: SHOW COLUMNS FROM `think_form` [ RunTime:0.021717s ]
[ 2011-10-05T15:12:16+08:00 ] SQL: SELECT * FROM `think_form` LIMIT 6  [ RunTime:0.000539s ]
[ 2011-10-05T15:12:22+08:00 ] SQL: SHOW COLUMNS FROM `think_form` [ RunTime:0.005927s ]
[ 2011-10-05T15:12:22+08:00 ] SQL: SELECT * FROM `think_form` LIMIT 6  [ RunTime:0.001058s ]
[ 2011-10-05T15:12:26+08:00 ] SQL: SHOW COLUMNS FROM `think_form` [ RunTime:0.008663s ]
[ 2011-10-05T15:12:26+08:00 ] SQL: SELECT * FROM `think_form` ORDER BY id desc LIMIT 6  [ RunTime:0.001252s ]
[ 2011-10-05T15:37:25+08:00 ] SQL: SHOW COLUMNS FROM `think_form` [ RunTime:0.012112s ]
[ 2011-10-05T15:37:25+08:00 ] SQL: SELECT * FROM `think_form` ORDER BY id desc LIMIT 6  [ RunTime:0.001121s ]
[ 2011-10-05T15:37:40+08:00 ] SQL: SHOW COLUMNS FROM `think_form` [ RunTime:0.010931s ]
[ 2011-10-05T15:37:40+08:00 ] SQL: SELECT * FROM `think_form` WHERE ( `title` = '1111111111111111' ) LIMIT 1  [ RunTime:0.002615s ]
[ 2011-10-05T15:37:40+08:00 ] NOTIC: [8] Undefined offset: 3 Model.class.php 第 864 行.
[ 2011-10-05T15:37:47+08:00 ] SQL: SHOW COLUMNS FROM `think_form` [ RunTime:0.005643s ]
[ 2011-10-05T15:37:47+08:00 ] SQL: SELECT * FROM `think_form` ORDER BY id desc LIMIT 6  [ RunTime:0.010996s ]
[ 2011-10-05T15:37:48+08:00 ] SQL: SHOW COLUMNS FROM `think_form` [ RunTime:0.007736s ]
[ 2011-10-05T15:37:48+08:00 ] SQL: SELECT * FROM `think_form` ORDER BY id desc LIMIT 6  [ RunTime:0.001205s ]
[ 2011-10-05T15:37:49+08:00 ] SQL: SHOW COLUMNS FROM `think_form` [ RunTime:0.008200s ]
[ 2011-10-05T15:37:49+08:00 ] SQL: SELECT * FROM `think_form` ORDER BY id desc LIMIT 6  [ RunTime:0.001003s ]
[ 2011-10-05T15:39:06+08:00 ] SQL: SHOW COLUMNS FROM `think_form` [ RunTime:0.021904s ]
[ 2011-10-05T15:39:06+08:00 ] SQL: SELECT * FROM `think_form` ORDER BY id desc LIMIT 6  [ RunTime:0.000733s ]
[ 2011-10-05T15:39:07+08:00 ] SQL: SHOW COLUMNS FROM `think_form` [ RunTime:0.005838s ]
[ 2011-10-05T15:39:07+08:00 ] SQL: SELECT * FROM `think_form` ORDER BY id desc LIMIT 6  [ RunTime:0.000640s ]
[ 2011-10-05T15:39:07+08:00 ] SQL: SHOW COLUMNS FROM `think_form` [ RunTime:0.009123s ]
[ 2011-10-05T15:39:07+08:00 ] SQL: SELECT * FROM `think_form` ORDER BY id desc LIMIT 6  [ RunTime:0.002993s ]
[ 2011-10-05T15:39:10+08:00 ] SQL: SHOW COLUMNS FROM `think_form` [ RunTime:0.008676s ]
[ 2011-10-05T15:39:10+08:00 ] SQL: SELECT * FROM `think_form` WHERE ( `title` = '1111111111111111' ) LIMIT 1  [ RunTime:0.001017s ]
[ 2011-10-05T15:39:10+08:00 ] NOTIC: [8] Undefined offset: 3 Model.class.php 第 864 行.
[ 2011-10-05T15:39:10+08:00 ] SQL: INSERT INTO `think_form` (`title`,`content`,`email`,`status`,`create_time`) VALUES ('1111111111111111','测试一下','','1',1317800350) [ RunTime:0.002044s ]
[ 2011-10-05T15:39:13+08:00 ] SQL: SHOW COLUMNS FROM `think_form` [ RunTime:0.013614s ]
[ 2011-10-05T15:39:13+08:00 ] SQL: SELECT * FROM `think_form` ORDER BY id desc LIMIT 6  [ RunTime:0.001022s ]
[ 2011-10-05T15:47:59+08:00 ] SQL: SHOW COLUMNS FROM `think_form` [ RunTime:0.012170s ]
[ 2011-10-05T15:47:59+08:00 ] SQL: SELECT * FROM `think_form` ORDER BY id desc LIMIT 6  [ RunTime:0.002349s ]
[ 2011-10-05T15:48:04+08:00 ] SQL: SHOW COLUMNS FROM `think_form` [ RunTime:0.008202s ]
[ 2011-10-05T15:48:04+08:00 ] SQL: SELECT * FROM `think_form` WHERE ( `title` = '的' ) LIMIT 1  [ RunTime:0.001433s ]
[ 2011-10-05T15:48:04+08:00 ] NOTIC: [8] Undefined offset: 3 Model.class.php 第 864 行.
[ 2011-10-05T15:48:04+08:00 ] SQL: INSERT INTO `think_form` (`title`,`email`,`status`,`create_time`) VALUES ('的','','1',1317800884) [ RunTime:0.002017s ]
[ 2011-10-05T15:48:06+08:00 ] SQL: SHOW COLUMNS FROM `think_form` [ RunTime:0.008446s ]
[ 2011-10-05T15:48:06+08:00 ] SQL: SELECT * FROM `think_form` ORDER BY id desc LIMIT 6  [ RunTime:0.001004s ]
[ 2011-10-05T15:48:27+08:00 ] SQL: SHOW COLUMNS FROM `think_form` [ RunTime:0.007999s ]
[ 2011-10-05T15:48:27+08:00 ] SQL: SELECT * FROM `think_form` WHERE ( `title` = '测试一下' ) LIMIT 1  [ RunTime:0.002087s ]
[ 2011-10-05T15:48:27+08:00 ] NOTIC: [8] Undefined offset: 3 Model.class.php 第 864 行.
[ 2011-10-05T15:48:27+08:00 ] SQL: INSERT INTO `think_form` (`title`,`email`,`status`,`create_time`) VALUES ('测试一下','','1',1317800907) [ RunTime:0.004505s ]
[ 2011-10-05T15:48:28+08:00 ] SQL: SHOW COLUMNS FROM `think_form` [ RunTime:0.015222s ]
[ 2011-10-05T15:48:28+08:00 ] SQL: SELECT * FROM `think_form` ORDER BY id desc LIMIT 6  [ RunTime:0.002307s ]
[ 2011-10-05T16:14:26+08:00 ] SQL: SHOW COLUMNS FROM `think_form` [ RunTime:0.007380s ]
[ 2011-10-05T16:14:26+08:00 ] SQL: SELECT * FROM `think_form` ORDER BY id desc LIMIT 6  [ RunTime:0.000925s ]
[ 2011-10-05T16:17:40+08:00 ] SQL: SHOW COLUMNS FROM `think_form` [ RunTime:0.018425s ]
[ 2011-10-05T16:17:40+08:00 ] SQL: SELECT * FROM `think_form` ORDER BY id desc LIMIT 6  [ RunTime:0.000912s ]
[ 2011-10-05T16:17:49+08:00 ] ERR: (ThinkException) Action:succes您所请求的方法不存在！
[ 2011-10-05T16:18:07+08:00 ] SQL: SHOW COLUMNS FROM `think_form` [ RunTime:0.008364s ]
[ 2011-10-05T16:18:07+08:00 ] SQL: SELECT * FROM `think_form` ORDER BY id desc LIMIT 6  [ RunTime:0.000809s ]
[ 2011-10-05T16:18:51+08:00 ] SQL: SHOW COLUMNS FROM `think_form` [ RunTime:0.007992s ]
[ 2011-10-05T16:18:51+08:00 ] SQL: SELECT * FROM `think_form` WHERE ( `title` = '11111111111111111p' ) LIMIT 1  [ RunTime:0.000965s ]
[ 2011-10-05T16:18:51+08:00 ] NOTIC: [8] Undefined offset: 3 Model.class.php 第 864 行.
[ 2011-10-05T16:18:51+08:00 ] SQL: INSERT INTO `think_form` (`title`,`email`,`status`,`create_time`) VALUES ('11111111111111111p','','1',1317802731) [ RunTime:0.000932s ]
[ 2011-10-05T16:18:52+08:00 ] SQL: SHOW COLUMNS FROM `think_form` [ RunTime:0.008801s ]
[ 2011-10-05T16:18:52+08:00 ] SQL: SELECT * FROM `think_form` ORDER BY id desc LIMIT 6  [ RunTime:0.001740s ]
