[ 2011-10-15T11:30:21+08:00 ] SQL: SHOW COLUMNS FROM `wt_book` [ RunTime:0.008832s ]
[ 2011-10-15T11:30:21+08:00 ] SQL: SELECT * FROM `wt_book` WHERE ( `book_id` = 0 ) LIMIT 1  [ RunTime:0.001197s ]
[ 2011-10-15T11:30:21+08:00 ] SQL: SHOW COLUMNS FROM `wt_leave_message_book` [ RunTime:0.010016s ]
[ 2011-10-15T11:30:21+08:00 ] SQL: SELECT * FROM `wt_leave_message_book` WHERE ( `book_id` = 0 ) [ RunTime:0.001983s ]
[ 2011-10-15T11:30:34+08:00 ] SQL: SHOW COLUMNS FROM `wt_book` [ RunTime:0.008600s ]
[ 2011-10-15T11:30:34+08:00 ] SQL: SELECT * FROM `wt_book` WHERE ( `book_id` = 0 ) LIMIT 1  [ RunTime:0.000847s ]
[ 2011-10-15T11:30:34+08:00 ] SQL: SHOW COLUMNS FROM `wt_leave_message_book` [ RunTime:0.006424s ]
[ 2011-10-15T11:30:34+08:00 ] SQL: SELECT * FROM `wt_leave_message_book` WHERE ( `book_id` = 0 ) [ RunTime:0.000763s ]
[ 2011-10-15T11:42:45+08:00 ] SQL: SHOW COLUMNS FROM `wt_book` [ RunTime:0.007721s ]
[ 2011-10-15T11:42:45+08:00 ] SQL: SELECT * FROM `wt_book` WHERE ( `book_id` = 0 ) LIMIT 1  [ RunTime:0.001000s ]
[ 2011-10-15T11:42:45+08:00 ] SQL: SHOW COLUMNS FROM `wt_leave_message_book` [ RunTime:0.009911s ]
[ 2011-10-15T11:42:45+08:00 ] SQL: SELECT * FROM `wt_leave_message_book` WHERE ( `book_id` = 0 ) [ RunTime:0.001156s ]
[ 2011-10-15T11:42:46+08:00 ] SQL: SHOW COLUMNS FROM `wt_book` [ RunTime:0.011360s ]
[ 2011-10-15T11:42:46+08:00 ] SQL: SELECT * FROM `wt_book` WHERE ( `book_id` = 0 ) LIMIT 1  [ RunTime:0.000864s ]
[ 2011-10-15T11:42:46+08:00 ] SQL: SHOW COLUMNS FROM `wt_leave_message_book` [ RunTime:0.006812s ]
[ 2011-10-15T11:42:46+08:00 ] SQL: SELECT * FROM `wt_leave_message_book` WHERE ( `book_id` = 0 ) [ RunTime:0.000489s ]
[ 2011-10-15T11:42:46+08:00 ] SQL: SHOW COLUMNS FROM `wt_book` [ RunTime:0.017405s ]
[ 2011-10-15T11:42:46+08:00 ] SQL: SELECT * FROM `wt_book` WHERE ( `book_id` = 0 ) LIMIT 1  [ RunTime:0.002435s ]
[ 2011-10-15T11:42:46+08:00 ] SQL: SHOW COLUMNS FROM `wt_leave_message_book` [ RunTime:0.009692s ]
[ 2011-10-15T11:42:46+08:00 ] SQL: SELECT * FROM `wt_leave_message_book` WHERE ( `book_id` = 0 ) [ RunTime:0.000725s ]
[ 2011-10-15T11:43:34+08:00 ] SQL: SHOW COLUMNS FROM `wt_book` [ RunTime:0.007950s ]
[ 2011-10-15T11:43:34+08:00 ] SQL: SELECT * FROM `wt_book` WHERE ( `book_id` = 0 ) LIMIT 1  [ RunTime:0.002085s ]
[ 2011-10-15T11:43:34+08:00 ] SQL: SHOW COLUMNS FROM `wt_leave_message_book` [ RunTime:0.006532s ]
[ 2011-10-15T11:43:34+08:00 ] SQL: SELECT * FROM `wt_leave_message_book` WHERE ( `book_id` = 0 ) [ RunTime:0.000970s ]
[ 2011-10-15T11:43:37+08:00 ] SQL: SHOW COLUMNS FROM `wt_book` [ RunTime:0.009483s ]
[ 2011-10-15T11:43:37+08:00 ] SQL: SELECT * FROM `wt_book` WHERE ( `book_id` = 0 ) LIMIT 1  [ RunTime:0.000990s ]
[ 2011-10-15T11:43:37+08:00 ] SQL: SHOW COLUMNS FROM `wt_leave_message_book` [ RunTime:0.007201s ]
[ 2011-10-15T11:43:37+08:00 ] SQL: SELECT * FROM `wt_leave_message_book` WHERE ( `book_id` = 0 ) [ RunTime:0.001248s ]
[ 2011-10-15T11:51:45+08:00 ] SQL: SHOW COLUMNS FROM `wt_book` [ RunTime:0.008902s ]
[ 2011-10-15T11:51:45+08:00 ] SQL: SELECT * FROM `wt_book` WHERE ( `book_id` = 0 ) LIMIT 1  [ RunTime:0.001056s ]
[ 2011-10-15T11:51:45+08:00 ] SQL: SHOW COLUMNS FROM `wt_leave_message_book` [ RunTime:0.009543s ]
[ 2011-10-15T11:51:45+08:00 ] SQL: SELECT * FROM `wt_leave_message_book` WHERE ( `book_id` = 0 ) [ RunTime:0.001325s ]
[ 2011-10-15T11:51:58+08:00 ] SQL: SHOW COLUMNS FROM `wt_book` [ RunTime:0.009287s ]
[ 2011-10-15T11:51:58+08:00 ] SQL: SELECT * FROM `wt_book` WHERE ( `book_id` = 0 ) LIMIT 1  [ RunTime:0.001827s ]
[ 2011-10-15T11:51:58+08:00 ] SQL: SHOW COLUMNS FROM `wt_leave_message_book` [ RunTime:0.009371s ]
[ 2011-10-15T11:51:58+08:00 ] SQL: SELECT * FROM `wt_leave_message_book` WHERE ( `book_id` = 0 ) [ RunTime:0.001540s ]
[ 2011-10-15T11:54:48+08:00 ] SQL: SHOW COLUMNS FROM `wt_book` [ RunTime:0.009780s ]
[ 2011-10-15T11:54:48+08:00 ] SQL: SELECT * FROM `wt_book` WHERE ( `book_id` = 0 ) LIMIT 1  [ RunTime:0.000660s ]
[ 2011-10-15T11:54:48+08:00 ] SQL: SHOW COLUMNS FROM `wt_leave_message_book` [ RunTime:0.007695s ]
[ 2011-10-15T11:54:48+08:00 ] SQL: SELECT * FROM `wt_leave_message_book` WHERE ( `book_id` = 0 ) [ RunTime:0.000877s ]
[ 2011-10-15T11:55:16+08:00 ] SQL: SHOW COLUMNS FROM `wt_book` [ RunTime:0.009068s ]
[ 2011-10-15T11:55:16+08:00 ] SQL: SELECT * FROM `wt_book` WHERE ( `book_id` = 0 ) LIMIT 1  [ RunTime:0.000868s ]
[ 2011-10-15T11:55:16+08:00 ] SQL: SHOW COLUMNS FROM `wt_leave_message_book` [ RunTime:0.008042s ]
[ 2011-10-15T11:55:16+08:00 ] SQL: SELECT * FROM `wt_leave_message_book` WHERE ( `book_id` = 0 ) [ RunTime:0.000687s ]
[ 2011-10-15T11:57:01+08:00 ] ERR: (ThinkException) 非法操作index
[ 2011-10-15T11:57:06+08:00 ] SQL: SHOW COLUMNS FROM `wt_book` [ RunTime:0.012456s ]
[ 2011-10-15T11:57:06+08:00 ] SQL: SELECT COUNT(*) AS tp_count FROM `wt_book` LIMIT 1  [ RunTime:0.000538s ]
[ 2011-10-15T11:57:06+08:00 ] SQL: SELECT * FROM `wt_book` ORDER BY book_id ASC LIMIT 0,1  [ RunTime:0.000768s ]
[ 2011-10-15T11:57:13+08:00 ] SQL: SHOW COLUMNS FROM `wt_book` [ RunTime:0.009668s ]
[ 2011-10-15T11:57:13+08:00 ] SQL: SELECT COUNT(*) AS tp_count FROM `wt_book` LIMIT 1  [ RunTime:0.002712s ]
[ 2011-10-15T11:57:13+08:00 ] SQL: SELECT * FROM `wt_book` ORDER BY book_id ASC LIMIT 0,1  [ RunTime:0.000675s ]
[ 2011-10-15T11:59:48+08:00 ] SQL: SHOW COLUMNS FROM `wt_book` [ RunTime:0.008768s ]
[ 2011-10-15T11:59:48+08:00 ] SQL: SELECT COUNT(*) AS tp_count FROM `wt_book` LIMIT 1  [ RunTime:0.000721s ]
[ 2011-10-15T11:59:48+08:00 ] SQL: SELECT * FROM `wt_book` ORDER BY book_id ASC LIMIT 0,1  [ RunTime:0.001046s ]
[ 2011-10-15T11:59:55+08:00 ] SQL: SHOW COLUMNS FROM `wt_book` [ RunTime:0.035855s ]
[ 2011-10-15T11:59:55+08:00 ] SQL: SELECT COUNT(*) AS tp_count FROM `wt_book` LIMIT 1  [ RunTime:0.001226s ]
[ 2011-10-15T11:59:55+08:00 ] SQL: SELECT * FROM `wt_book` ORDER BY book_id ASC LIMIT 0,1  [ RunTime:0.001660s ]
[ 2011-10-15T12:00:14+08:00 ] SQL: SHOW COLUMNS FROM `wt_book` [ RunTime:0.017477s ]
[ 2011-10-15T12:00:14+08:00 ] SQL: SELECT COUNT(*) AS tp_count FROM `wt_book` LIMIT 1  [ RunTime:0.004392s ]
[ 2011-10-15T12:00:14+08:00 ] SQL: SELECT * FROM `wt_book` ORDER BY book_id ASC LIMIT 0,1  [ RunTime:0.001007s ]
[ 2011-10-15T12:00:26+08:00 ] SQL: SHOW COLUMNS FROM `wt_book` [ RunTime:0.010970s ]
[ 2011-10-15T12:00:26+08:00 ] SQL: SELECT * FROM `wt_book` WHERE ( `book_id` = 0 ) LIMIT 1  [ RunTime:0.000685s ]
[ 2011-10-15T12:00:26+08:00 ] SQL: SHOW COLUMNS FROM `wt_leave_message_book` [ RunTime:0.006537s ]
[ 2011-10-15T12:00:26+08:00 ] SQL: SELECT * FROM `wt_leave_message_book` WHERE ( `book_id` = 0 ) [ RunTime:0.002504s ]
[ 2011-10-15T14:28:25+08:00 ] SQL: SHOW COLUMNS FROM `wt_book` [ RunTime:0.009621s ]
[ 2011-10-15T14:28:25+08:00 ] SQL: SELECT COUNT(*) AS tp_count FROM `wt_book` LIMIT 1  [ RunTime:0.009774s ]
[ 2011-10-15T14:28:25+08:00 ] SQL: SELECT * FROM `wt_book` ORDER BY book_id ASC LIMIT 0,1  [ RunTime:0.011322s ]
