[ 2011-10-06T11:20:47+08:00 ] SQL: SHOW COLUMNS FROM `think_form` [ RunTime:0.006134s ]
[ 2011-10-06T11:20:47+08:00 ] SQL: SELECT * FROM `think_form` ORDER BY id desc LIMIT 5  [ RunTime:0.000786s ]
[ 2011-10-06T11:20:47+08:00 ] NOTIC: [2] highlight_file(./Lib/Model/FormModel.class.php) [<a href='function.highlight-file'>function.highlight-file</a>]: failed to open stream: No such file or directory 0573c70d8602d961e53f714ea77bd87c.php 第 47 行.
[ 2011-10-06T11:20:47+08:00 ] NOTIC: [2] highlight_file() [<a href='function.highlight-file'>function.highlight-file</a>]: Failed opening './Lib/Model/FormModel.class.php' for highlighting 0573c70d8602d961e53f714ea77bd87c.php 第 47 行.
[ 2011-10-06T11:20:55+08:00 ] SQL: SHOW COLUMNS FROM `think_form` [ RunTime:0.022354s ]
[ 2011-10-06T11:20:55+08:00 ] SQL: SELECT * FROM `think_form` ORDER BY id desc LIMIT 5  [ RunTime:0.001104s ]
[ 2011-10-06T11:20:55+08:00 ] NOTIC: [2] highlight_file(./Lib/Model/FormModel.class.php) [<a href='function.highlight-file'>function.highlight-file</a>]: failed to open stream: No such file or directory 0573c70d8602d961e53f714ea77bd87c.php 第 47 行.
[ 2011-10-06T11:20:55+08:00 ] NOTIC: [2] highlight_file() [<a href='function.highlight-file'>function.highlight-file</a>]: Failed opening './Lib/Model/FormModel.class.php' for highlighting 0573c70d8602d961e53f714ea77bd87c.php 第 47 行.
[ 2011-10-06T11:26:14+08:00 ] SQL: SHOW COLUMNS FROM `think_form` [ RunTime:0.011908s ]
[ 2011-10-06T11:26:14+08:00 ] SQL: INSERT INTO `think_form` (`title`,`content`,`email`) VALUES ('','','') [ RunTime:0.168413s ]
[ 2011-10-06T11:26:14+08:00 ] SQL: SHOW COLUMNS FROM `think_form` [ RunTime:0.007131s ]
[ 2011-10-06T11:26:14+08:00 ] SQL: SELECT * FROM `think_form` ORDER BY id desc LIMIT 5  [ RunTime:0.000956s ]
[ 2011-10-06T11:26:14+08:00 ] NOTIC: [2] highlight_file(./Lib/Model/FormModel.class.php) [<a href='function.highlight-file'>function.highlight-file</a>]: failed to open stream: No such file or directory 0573c70d8602d961e53f714ea77bd87c.php 第 47 行.
[ 2011-10-06T11:26:14+08:00 ] NOTIC: [2] highlight_file() [<a href='function.highlight-file'>function.highlight-file</a>]: Failed opening './Lib/Model/FormModel.class.php' for highlighting 0573c70d8602d961e53f714ea77bd87c.php 第 47 行.
[ 2011-10-06T11:26:19+08:00 ] SQL: SHOW COLUMNS FROM `think_form` [ RunTime:0.007073s ]
[ 2011-10-06T11:26:19+08:00 ] SQL: SELECT * FROM `think_form` ORDER BY id desc LIMIT 5  [ RunTime:0.001171s ]
[ 2011-10-06T11:26:19+08:00 ] NOTIC: [2] highlight_file(./Lib/Model/FormModel.class.php) [<a href='function.highlight-file'>function.highlight-file</a>]: failed to open stream: No such file or directory 0573c70d8602d961e53f714ea77bd87c.php 第 47 行.
[ 2011-10-06T11:26:19+08:00 ] NOTIC: [2] highlight_file() [<a href='function.highlight-file'>function.highlight-file</a>]: Failed opening './Lib/Model/FormModel.class.php' for highlighting 0573c70d8602d961e53f714ea77bd87c.php 第 47 行.
[ 2011-10-06T11:26:22+08:00 ] SQL: SHOW COLUMNS FROM `think_form` [ RunTime:0.012877s ]
[ 2011-10-06T11:26:22+08:00 ] SQL: SELECT * FROM `think_form` WHERE ( `id` = '25' ) LIMIT 1  [ RunTime:0.001580s ]
[ 2011-10-06T11:26:25+08:00 ] SQL: SHOW COLUMNS FROM `think_form` [ RunTime:0.011114s ]
[ 2011-10-06T11:26:25+08:00 ] SQL: SELECT * FROM `think_form` WHERE ( `id` = '23' ) LIMIT 1  [ RunTime:0.000559s ]
[ 2011-10-06T11:31:24+08:00 ] SQL: SHOW COLUMNS FROM `think_form` [ RunTime:0.007972s ]
[ 2011-10-06T11:31:24+08:00 ] SQL: SELECT * FROM `think_form` ORDER BY id desc LIMIT 5  [ RunTime:0.000883s ]
[ 2011-10-06T11:31:24+08:00 ] NOTIC: [2] highlight_file(./Lib/Model/FormModel.class.php) [<a href='function.highlight-file'>function.highlight-file</a>]: failed to open stream: No such file or directory 0573c70d8602d961e53f714ea77bd87c.php 第 47 行.
[ 2011-10-06T11:31:24+08:00 ] NOTIC: [2] highlight_file() [<a href='function.highlight-file'>function.highlight-file</a>]: Failed opening './Lib/Model/FormModel.class.php' for highlighting 0573c70d8602d961e53f714ea77bd87c.php 第 47 行.
[ 2011-10-06T11:31:26+08:00 ] SQL: SHOW COLUMNS FROM `think_form` [ RunTime:0.012835s ]
[ 2011-10-06T11:31:27+08:00 ] SQL: DELETE FROM `think_form` WHERE ( `id` = '25' ) [ RunTime:0.028330s ]
[ 2011-10-06T11:33:43+08:00 ] SQL: SHOW COLUMNS FROM `think_form` [ RunTime:0.009035s ]
[ 2011-10-06T11:33:43+08:00 ] SQL: SELECT * FROM `think_form` ORDER BY id desc LIMIT 5  [ RunTime:0.001433s ]
[ 2011-10-06T11:33:43+08:00 ] NOTIC: [2] highlight_file(./Lib/Model/FormModel.class.php) [<a href='function.highlight-file'>function.highlight-file</a>]: failed to open stream: No such file or directory 0573c70d8602d961e53f714ea77bd87c.php 第 48 行.
[ 2011-10-06T11:33:43+08:00 ] NOTIC: [2] highlight_file() [<a href='function.highlight-file'>function.highlight-file</a>]: Failed opening './Lib/Model/FormModel.class.php' for highlighting 0573c70d8602d961e53f714ea77bd87c.php 第 48 行.
[ 2011-10-06T11:33:48+08:00 ] SQL: SHOW COLUMNS FROM `think_form` [ RunTime:0.006444s ]
[ 2011-10-06T11:33:48+08:00 ] SQL: DELETE FROM `think_form` WHERE ( `id` = '20' ) [ RunTime:0.002428s ]
[ 2011-10-06T11:34:05+08:00 ] SQL: SHOW COLUMNS FROM `think_form` [ RunTime:0.008176s ]
[ 2011-10-06T11:34:05+08:00 ] SQL: SELECT * FROM `think_form` ORDER BY id desc LIMIT 5  [ RunTime:0.001093s ]
[ 2011-10-06T11:34:05+08:00 ] NOTIC: [2] highlight_file(./Lib/Model/FormModel.class.php) [<a href='function.highlight-file'>function.highlight-file</a>]: failed to open stream: No such file or directory 0573c70d8602d961e53f714ea77bd87c.php 第 48 行.
[ 2011-10-06T11:34:05+08:00 ] NOTIC: [2] highlight_file() [<a href='function.highlight-file'>function.highlight-file</a>]: Failed opening './Lib/Model/FormModel.class.php' for highlighting 0573c70d8602d961e53f714ea77bd87c.php 第 48 行.
[ 2011-10-06T11:34:52+08:00 ] SQL: SHOW COLUMNS FROM `think_form` [ RunTime:0.007374s ]
[ 2011-10-06T11:34:52+08:00 ] SQL: SELECT * FROM `think_form` ORDER BY id desc LIMIT 5  [ RunTime:0.001384s ]
[ 2011-10-06T11:34:52+08:00 ] NOTIC: [2] highlight_file(./Lib/Model/FormModel.class.php) [<a href='function.highlight-file'>function.highlight-file</a>]: failed to open stream: No such file or directory 0573c70d8602d961e53f714ea77bd87c.php 第 48 行.
[ 2011-10-06T11:34:52+08:00 ] NOTIC: [2] highlight_file() [<a href='function.highlight-file'>function.highlight-file</a>]: Failed opening './Lib/Model/FormModel.class.php' for highlighting 0573c70d8602d961e53f714ea77bd87c.php 第 48 行.
